/raid/chrisjihee/miniforge3/envs/DeepKNLP-24.01/bin/python /raid/chrisjihee/proj/DeepKNLP-24.01/1-doc-cls-fab.py
[02.28 18:32:22] ┇ INFO     ┇          lightning.fabric.utilities.seed ┇ Seed set to 7
[02.28 18:32:22] ┇ INFO     ┇   lightning.fabric.utilities.distributed ┇ Initializing distributed: GLOBAL_RANK: 0, MEMBER: 1/2
[02.28 18:32:26] ┇ INFO     ┇          lightning.fabric.utilities.seed ┇ [rank: 1] Seed set to 7
[02.28 18:32:26] ┇ INFO     ┇   lightning.fabric.utilities.distributed ┇ Initializing distributed: GLOBAL_RANK: 1, MEMBER: 2/2
[02.28 18:32:26] ┇ INFO     ┇                           chrisbase.data ┇ =========================================================================================================================================
[02.28 18:32:26] ┇ INFO     ┇                           chrisbase.data ┇ [INIT] python /raid/chrisjihee/proj/DeepKNLP-24.01/1-doc-cls-fab.py
[02.28 18:32:26] ┇ INFO     ┇                           chrisbase.data ┇ =========================================================================================================================================
[02.28 18:32:26] ┇ INFO     ┇                           chrisbase.data ┇ -----+---------------------------------+-------------------------------------------------------------------------------------
[02.28 18:32:26] ┇ INFO     ┇                           chrisbase.data ┇    # | TrainerArguments                | value
[02.28 18:32:26] ┇ INFO     ┇                           chrisbase.data ┇ -----+---------------------------------+-------------------------------------------------------------------------------------
[02.28 18:32:26] ┇ INFO     ┇                           chrisbase.data ┇    1 | tag                             | train
[02.28 18:32:26] ┇ INFO     ┇                           chrisbase.data ┇    2 | env.project                     | DeepKNLP
[02.28 18:32:26] ┇ INFO     ┇                           chrisbase.data ┇    3 | env.job_name                    | KPF-BERT
[02.28 18:32:26] ┇ INFO     ┇                           chrisbase.data ┇    4 | env.hostname                    | dgx-a100
[02.28 18:32:26] ┇ INFO     ┇                           chrisbase.data ┇    5 | env.hostaddr                    | 129.254.23.12
[02.28 18:32:26] ┇ INFO     ┇                           chrisbase.data ┇    6 | env.python_path                 | /raid/chrisjihee/miniforge3/envs/DeepKNLP-24.01/bin/python
[02.28 18:32:26] ┇ INFO     ┇                           chrisbase.data ┇    7 | env.current_dir                 | /raid/chrisjihee/proj/DeepKNLP-24.01
[02.28 18:32:26] ┇ INFO     ┇                           chrisbase.data ┇    8 | env.current_file                | /raid/chrisjihee/proj/DeepKNLP-24.01/1-doc-cls-fab.py
[02.28 18:32:26] ┇ INFO     ┇                           chrisbase.data ┇    9 | env.working_dir                 | /raid/chrisjihee/proj/DeepKNLP-24.01
[02.28 18:32:26] ┇ INFO     ┇                           chrisbase.data ┇   10 | env.command_args                | []
[02.28 18:32:26] ┇ INFO     ┇                           chrisbase.data ┇   11 | env.num_ip_addrs                | 1
[02.28 18:32:26] ┇ INFO     ┇                           chrisbase.data ┇   12 | env.max_workers                 | 1
[02.28 18:32:26] ┇ INFO     ┇                           chrisbase.data ┇   13 | env.output_home                 | /raid/chrisjihee/proj/DeepKNLP-24.01/output/nsmc
[02.28 18:32:26] ┇ INFO     ┇                           chrisbase.data ┇   14 | env.logging_file                |
[02.28 18:32:26] ┇ INFO     ┇                           chrisbase.data ┇   15 | env.argument_file               | train-arguments-0228.183220-train.json
[02.28 18:32:26] ┇ INFO     ┇                           chrisbase.data ┇   16 | env.debugging                   | False
[02.28 18:32:26] ┇ INFO     ┇                           chrisbase.data ┇   17 | env.msg_level                   | 20
[02.28 18:32:26] ┇ INFO     ┇                           chrisbase.data ┇   18 | env.msg_format                  | %(asctime)s ┇ %(levelname)-8s ┇ %(name)40s ┇ %(message)s
[02.28 18:32:26] ┇ INFO     ┇                           chrisbase.data ┇   19 | env.date_format                 | [%m.%d %H:%M:%S]
[02.28 18:32:26] ┇ INFO     ┇                           chrisbase.data ┇   20 | env.time_stamp                  | 0228.183220
[02.28 18:32:26] ┇ INFO     ┇                           chrisbase.data ┇   21 | time.started                    | [02.28 18:32:26]
[02.28 18:32:26] ┇ INFO     ┇                           chrisbase.data ┇   22 | time.settled                    |
[02.28 18:32:26] ┇ INFO     ┇                           chrisbase.data ┇   23 | time.elapsed                    |
[02.28 18:32:26] ┇ INFO     ┇                           chrisbase.data ┇   24 | prog.result                     | {}
[02.28 18:32:26] ┇ INFO     ┇                           chrisbase.data ┇   25 | prog.tb_logger                  |
[02.28 18:32:26] ┇ INFO     ┇                           chrisbase.data ┇   26 | prog.csv_logger                 |
[02.28 18:32:26] ┇ INFO     ┇                           chrisbase.data ┇   27 | prog.world_size                 | 2
[02.28 18:32:26] ┇ INFO     ┇                           chrisbase.data ┇   28 | prog.node_rank                  | 0
[02.28 18:32:26] ┇ INFO     ┇                           chrisbase.data ┇   29 | prog.local_rank                 | 0
[02.28 18:32:26] ┇ INFO     ┇                           chrisbase.data ┇   30 | prog.global_rank                | 0
[02.28 18:32:26] ┇ INFO     ┇                           chrisbase.data ┇   31 | prog.global_step                | 0
[02.28 18:32:26] ┇ INFO     ┇                           chrisbase.data ┇   32 | prog.global_epoch               | 0.0
[02.28 18:32:26] ┇ INFO     ┇                           chrisbase.data ┇   33 | data.name                       | nsmc
[02.28 18:32:26] ┇ INFO     ┇                           chrisbase.data ┇   34 | data.home                       | /raid/chrisjihee/proj/DeepKNLP-24.01/data
[02.28 18:32:26] ┇ INFO     ┇                           chrisbase.data ┇   35 | data.files                      | {'train': 'ratings_train.txt', 'valid': 'ratings_test.txt', 'test': None}
[02.28 18:32:26] ┇ INFO     ┇                           chrisbase.data ┇   36 | data.caching                    | False
[02.28 18:32:26] ┇ INFO     ┇                           chrisbase.data ┇   37 | data.redownload                 | False
[02.28 18:32:26] ┇ INFO     ┇                           chrisbase.data ┇   38 | data.num_check                  | 2
[02.28 18:32:26] ┇ INFO     ┇                           chrisbase.data ┇   39 | model.pretrained                | pretrained/KPF-BERT
[02.28 18:32:26] ┇ INFO     ┇                           chrisbase.data ┇   40 | model.home                      | /raid/chrisjihee/proj/DeepKNLP-24.01/output
[02.28 18:32:26] ┇ INFO     ┇                           chrisbase.data ┇   41 | model.name                      | {ep:3.1f}, {val_loss:06.4f}, {val_acc:06.4f}
[02.28 18:32:26] ┇ INFO     ┇                           chrisbase.data ┇   42 | model.seq_len                   | 64
[02.28 18:32:26] ┇ INFO     ┇                           chrisbase.data ┇   43 | hardware.cpu_workers            | 256
[02.28 18:32:26] ┇ INFO     ┇                           chrisbase.data ┇   44 | hardware.accelerator            | gpu
[02.28 18:32:26] ┇ INFO     ┇                           chrisbase.data ┇   45 | hardware.batch_size             | 64
[02.28 18:32:26] ┇ INFO     ┇                           chrisbase.data ┇   46 | hardware.precision              | 16-mixed
[02.28 18:32:26] ┇ INFO     ┇                           chrisbase.data ┇   47 | hardware.strategy               | auto
[02.28 18:32:26] ┇ INFO     ┇                           chrisbase.data ┇   48 | hardware.devices                | [0, 1]
[02.28 18:32:26] ┇ INFO     ┇                           chrisbase.data ┇   49 | learning.seed                   | 7
[02.28 18:32:26] ┇ INFO     ┇                           chrisbase.data ┇   50 | learning.learning_rate          | 5e-05
[02.28 18:32:26] ┇ INFO     ┇                           chrisbase.data ┇   51 | learning.saving_policy          | max val_acc
[02.28 18:32:26] ┇ INFO     ┇                           chrisbase.data ┇   52 | learning.num_saving             | 3
[02.28 18:32:26] ┇ INFO     ┇                           chrisbase.data ┇   53 | learning.num_epochs             | 3
[02.28 18:32:26] ┇ INFO     ┇                           chrisbase.data ┇   54 | learning.check_rate_on_training | 0.1
[02.28 18:32:26] ┇ INFO     ┇                           chrisbase.data ┇   55 | learning.print_rate_on_training | 0.03333333333333333
[02.28 18:32:26] ┇ INFO     ┇                           chrisbase.data ┇   56 | learning.print_rate_on_validate | 0.3333333333333333
[02.28 18:32:26] ┇ INFO     ┇                           chrisbase.data ┇   57 | learning.print_rate_on_evaluate | 0.3333333333333333
[02.28 18:32:26] ┇ INFO     ┇                           chrisbase.data ┇   58 | learning.print_step_on_training | -1
[02.28 18:32:26] ┇ INFO     ┇                           chrisbase.data ┇   59 | learning.print_step_on_validate | -1
[02.28 18:32:26] ┇ INFO     ┇                           chrisbase.data ┇   60 | learning.print_step_on_evaluate | -1
[02.28 18:32:26] ┇ INFO     ┇                           chrisbase.data ┇   61 | learning.tag_format_on_training | st={step:d}, ep={epoch:.1f}, loss={loss:06.4f}, acc={acc:06.4f}
[02.28 18:32:26] ┇ INFO     ┇                           chrisbase.data ┇   62 | learning.tag_format_on_validate | st={step:d}, ep={epoch:.1f}, val_loss={val_loss:06.4f}, val_acc={val_acc:06.4f}
[02.28 18:32:26] ┇ INFO     ┇                           chrisbase.data ┇   63 | learning.tag_format_on_evaluate | st={step:d}, ep={epoch:.1f}, test_loss={test_loss:06.4f}, test_acc={test_acc:06.4f}
[02.28 18:32:26] ┇ INFO     ┇                           chrisbase.data ┇ -----+---------------------------------+-------------------------------------------------------------------------------------
[02.28 18:32:27] ┇ WARNING  ┇              transformers.modeling_utils ┇ Some weights of BertForSequenceClassification were not initialized from the model checkpoint at pretrained/KPF-BERT and are newly initialized: ['bert.pooler.dense.bias', 'bert.pooler.dense.weight', 'classifier.bias', 'classifier.weight']
You should probably TRAIN this model on a down-stream task to be able to use it for predictions and inference.
[02.28 18:32:27] ┇ WARNING  ┇              transformers.modeling_utils ┇ Some weights of BertForSequenceClassification were not initialized from the model checkpoint at pretrained/KPF-BERT and are newly initialized: ['bert.pooler.dense.bias', 'bert.pooler.dense.weight', 'classifier.bias', 'classifier.weight']
You should probably TRAIN this model on a down-stream task to be able to use it for predictions and inference.
[02.28 18:32:31] ┇ INFO     ┇                                 __main__ ┇ === [after-model] =======================================================================================================================
[02.28 18:32:31] ┇ INFO     ┇                       nlpbook.cls.corpus ┇ Creating features from /raid/chrisjihee/proj/DeepKNLP-24.01/data/nsmc/ratings_train.txt
[02.28 18:32:31] ┇ INFO     ┇                       nlpbook.cls.corpus ┇ Loaded 150000 examples from /raid/chrisjihee/proj/DeepKNLP-24.01/data/nsmc/ratings_train.txt
[02.28 18:32:41] ┇ INFO     ┇                       nlpbook.cls.corpus ┇   === [Example 1] ===
[02.28 18:32:41] ┇ INFO     ┇                       nlpbook.cls.corpus ┇   = sentence : 아 더빙.. 진짜 짜증나네요 목소리
[02.28 18:32:41] ┇ INFO     ┇                       nlpbook.cls.corpus ┇   = tokens   : [CLS] 아 더 ##빙 . . 진짜 짜증 ##나 ##네 ##요 목소리 [SEP] [PAD] [PAD] [PAD] [PAD] [PAD] [PAD] [PAD] [PAD] [PAD] [PAD] [PAD] [PAD] [PAD] [PAD] [PAD] [PAD] [PAD] [PAD] [PAD] [PAD] [PAD] [PAD] [PAD] [PAD] [PAD] [PAD] [PAD] [PAD] [PAD] [PAD] [PAD] [PAD] [PAD] [PAD] [PAD] [PAD] [PAD] [PAD] [PAD] [PAD] [PAD] [PAD] [PAD] [PAD] [PAD] [PAD] [PAD] [PAD] [PAD] [PAD] [PAD]
[02.28 18:32:41] ┇ INFO     ┇                       nlpbook.cls.corpus ┇   = label    : 0
[02.28 18:32:41] ┇ INFO     ┇                       nlpbook.cls.corpus ┇   = features : ClassificationFeatures(input_ids=[2, 3579, 2914, 5236, 518, 518, 7496, 13611, 4773, 5142, 4672, 7484, 3, 0, 0, 0, 0, 0, 0, 0, 0, 0, 0, 0, 0, 0, 0, 0, 0, 0, 0, 0, 0, 0, 0, 0, 0, 0, 0, 0, 0, 0, 0, 0, 0, 0, 0, 0, 0, 0, 0, 0, 0, 0, 0, 0, 0, 0, 0, 0, 0, 0, 0, 0], attention_mask=[1, 1, 1, 1, 1, 1, 1, 1, 1, 1, 1, 1, 1, 0, 0, 0, 0, 0, 0, 0, 0, 0, 0, 0, 0, 0, 0, 0, 0, 0, 0, 0, 0, 0, 0, 0, 0, 0, 0, 0, 0, 0, 0, 0, 0, 0, 0, 0, 0, 0, 0, 0, 0, 0, 0, 0, 0, 0, 0, 0, 0, 0, 0, 0], token_type_ids=[0, 0, 0, 0, 0, 0, 0, 0, 0, 0, 0, 0, 0, 0, 0, 0, 0, 0, 0, 0, 0, 0, 0, 0, 0, 0, 0, 0, 0, 0, 0, 0, 0, 0, 0, 0, 0, 0, 0, 0, 0, 0, 0, 0, 0, 0, 0, 0, 0, 0, 0, 0, 0, 0, 0, 0, 0, 0, 0, 0, 0, 0, 0, 0], label=0)
[02.28 18:32:41] ┇ INFO     ┇                       nlpbook.cls.corpus ┇   ===
[02.28 18:32:41] ┇ INFO     ┇                       nlpbook.cls.corpus ┇   === [Example 2] ===
[02.28 18:32:41] ┇ INFO     ┇                       nlpbook.cls.corpus ┇   = sentence : 흠...포스터보고 초딩영화줄....오버연기조차 가볍지 않구나
[02.28 18:32:41] ┇ INFO     ┇                       nlpbook.cls.corpus ┇   = tokens   : [CLS] 흠 . . . 포스터 ##보 ##고 초 ##딩 ##영화 ##줄 . . . . 오버 ##연 ##기 ##조 ##차 가볍 ##지 않 ##구나 [SEP] [PAD] [PAD] [PAD] [PAD] [PAD] [PAD] [PAD] [PAD] [PAD] [PAD] [PAD] [PAD] [PAD] [PAD] [PAD] [PAD] [PAD] [PAD] [PAD] [PAD] [PAD] [PAD] [PAD] [PAD] [PAD] [PAD] [PAD] [PAD] [PAD] [PAD] [PAD] [PAD] [PAD] [PAD] [PAD] [PAD] [PAD] [PAD]
[02.28 18:32:41] ┇ INFO     ┇                       nlpbook.cls.corpus ┇   = label    : 1
[02.28 18:32:41] ┇ INFO     ┇                       nlpbook.cls.corpus ┇   = features : ClassificationFeatures(input_ids=[2, 4326, 518, 518, 518, 15104, 4557, 4658, 3947, 5051, 20088, 5202, 518, 518, 518, 518, 13422, 4855, 4655, 4872, 4966, 10181, 4760, 3583, 9507, 3, 0, 0, 0, 0, 0, 0, 0, 0, 0, 0, 0, 0, 0, 0, 0, 0, 0, 0, 0, 0, 0, 0, 0, 0, 0, 0, 0, 0, 0, 0, 0, 0, 0, 0, 0, 0, 0, 0], attention_mask=[1, 1, 1, 1, 1, 1, 1, 1, 1, 1, 1, 1, 1, 1, 1, 1, 1, 1, 1, 1, 1, 1, 1, 1, 1, 1, 0, 0, 0, 0, 0, 0, 0, 0, 0, 0, 0, 0, 0, 0, 0, 0, 0, 0, 0, 0, 0, 0, 0, 0, 0, 0, 0, 0, 0, 0, 0, 0, 0, 0, 0, 0, 0, 0], token_type_ids=[0, 0, 0, 0, 0, 0, 0, 0, 0, 0, 0, 0, 0, 0, 0, 0, 0, 0, 0, 0, 0, 0, 0, 0, 0, 0, 0, 0, 0, 0, 0, 0, 0, 0, 0, 0, 0, 0, 0, 0, 0, 0, 0, 0, 0, 0, 0, 0, 0, 0, 0, 0, 0, 0, 0, 0, 0, 0, 0, 0, 0, 0, 0, 0], label=1)
[02.28 18:32:41] ┇ INFO     ┇                       nlpbook.cls.corpus ┇   ===
[02.28 18:32:41] ┇ INFO     ┇                       nlpbook.cls.corpus ┇ Converted 150000 raw examples to 150000 encoded examples
[02.28 18:32:42] ┇ INFO     ┇                                 __main__ ┇ Created train_dataset providing 150000 examples
[02.28 18:32:42] ┇ INFO     ┇                                 __main__ ┇ Created train_dataloader providing 2344 batches
[02.28 18:32:42] ┇ INFO     ┇                                 __main__ ┇ === [after-train_dataloader] ============================================================================================================
[02.28 18:32:42] ┇ INFO     ┇                       nlpbook.cls.corpus ┇ Creating features from /raid/chrisjihee/proj/DeepKNLP-24.01/data/nsmc/ratings_test.txt
[02.28 18:32:42] ┇ INFO     ┇                       nlpbook.cls.corpus ┇ Loaded 50000 examples from /raid/chrisjihee/proj/DeepKNLP-24.01/data/nsmc/ratings_test.txt
[02.28 18:32:45] ┇ INFO     ┇                       nlpbook.cls.corpus ┇   === [Example 1] ===
[02.28 18:32:45] ┇ INFO     ┇                       nlpbook.cls.corpus ┇   = sentence : 굳 ㅋ
[02.28 18:32:45] ┇ INFO     ┇                       nlpbook.cls.corpus ┇   = tokens   : [CLS] 굳 ㅋ [SEP] [PAD] [PAD] [PAD] [PAD] [PAD] [PAD] [PAD] [PAD] [PAD] [PAD] [PAD] [PAD] [PAD] [PAD] [PAD] [PAD] [PAD] [PAD] [PAD] [PAD] [PAD] [PAD] [PAD] [PAD] [PAD] [PAD] [PAD] [PAD] [PAD] [PAD] [PAD] [PAD] [PAD] [PAD] [PAD] [PAD] [PAD] [PAD] [PAD] [PAD] [PAD] [PAD] [PAD] [PAD] [PAD] [PAD] [PAD] [PAD] [PAD] [PAD] [PAD] [PAD] [PAD] [PAD] [PAD] [PAD] [PAD] [PAD] [PAD] [PAD]
[02.28 18:32:45] ┇ INFO     ┇                       nlpbook.cls.corpus ┇   = label    : 1
[02.28 18:32:45] ┇ INFO     ┇                       nlpbook.cls.corpus ┇   = features : ClassificationFeatures(input_ids=[2, 2653, 956, 3, 0, 0, 0, 0, 0, 0, 0, 0, 0, 0, 0, 0, 0, 0, 0, 0, 0, 0, 0, 0, 0, 0, 0, 0, 0, 0, 0, 0, 0, 0, 0, 0, 0, 0, 0, 0, 0, 0, 0, 0, 0, 0, 0, 0, 0, 0, 0, 0, 0, 0, 0, 0, 0, 0, 0, 0, 0, 0, 0, 0], attention_mask=[1, 1, 1, 1, 0, 0, 0, 0, 0, 0, 0, 0, 0, 0, 0, 0, 0, 0, 0, 0, 0, 0, 0, 0, 0, 0, 0, 0, 0, 0, 0, 0, 0, 0, 0, 0, 0, 0, 0, 0, 0, 0, 0, 0, 0, 0, 0, 0, 0, 0, 0, 0, 0, 0, 0, 0, 0, 0, 0, 0, 0, 0, 0, 0], token_type_ids=[0, 0, 0, 0, 0, 0, 0, 0, 0, 0, 0, 0, 0, 0, 0, 0, 0, 0, 0, 0, 0, 0, 0, 0, 0, 0, 0, 0, 0, 0, 0, 0, 0, 0, 0, 0, 0, 0, 0, 0, 0, 0, 0, 0, 0, 0, 0, 0, 0, 0, 0, 0, 0, 0, 0, 0, 0, 0, 0, 0, 0, 0, 0, 0], label=1)
[02.28 18:32:45] ┇ INFO     ┇                       nlpbook.cls.corpus ┇   ===
[02.28 18:32:45] ┇ INFO     ┇                       nlpbook.cls.corpus ┇   === [Example 2] ===
[02.28 18:32:45] ┇ INFO     ┇                       nlpbook.cls.corpus ┇   = sentence : GDNTOPCLASSINTHECLUB
[02.28 18:32:45] ┇ INFO     ┇                       nlpbook.cls.corpus ┇   = tokens   : [CLS] GD ##NT ##O ##P ##C ##LA ##SS ##IN ##T ##H ##EC ##L ##U ##B [SEP] [PAD] [PAD] [PAD] [PAD] [PAD] [PAD] [PAD] [PAD] [PAD] [PAD] [PAD] [PAD] [PAD] [PAD] [PAD] [PAD] [PAD] [PAD] [PAD] [PAD] [PAD] [PAD] [PAD] [PAD] [PAD] [PAD] [PAD] [PAD] [PAD] [PAD] [PAD] [PAD] [PAD] [PAD] [PAD] [PAD] [PAD] [PAD] [PAD] [PAD] [PAD] [PAD] [PAD] [PAD] [PAD] [PAD] [PAD] [PAD]
[02.28 18:32:45] ┇ INFO     ┇                       nlpbook.cls.corpus ┇   = label    : 0
[02.28 18:32:45] ┇ INFO     ┇                       nlpbook.cls.corpus ┇   = features : ClassificationFeatures(input_ids=[2, 35940, 29794, 4561, 4562, 4529, 21569, 33254, 15203, 4720, 4783, 10502, 4651, 4840, 4563, 3, 0, 0, 0, 0, 0, 0, 0, 0, 0, 0, 0, 0, 0, 0, 0, 0, 0, 0, 0, 0, 0, 0, 0, 0, 0, 0, 0, 0, 0, 0, 0, 0, 0, 0, 0, 0, 0, 0, 0, 0, 0, 0, 0, 0, 0, 0, 0, 0], attention_mask=[1, 1, 1, 1, 1, 1, 1, 1, 1, 1, 1, 1, 1, 1, 1, 1, 0, 0, 0, 0, 0, 0, 0, 0, 0, 0, 0, 0, 0, 0, 0, 0, 0, 0, 0, 0, 0, 0, 0, 0, 0, 0, 0, 0, 0, 0, 0, 0, 0, 0, 0, 0, 0, 0, 0, 0, 0, 0, 0, 0, 0, 0, 0, 0], token_type_ids=[0, 0, 0, 0, 0, 0, 0, 0, 0, 0, 0, 0, 0, 0, 0, 0, 0, 0, 0, 0, 0, 0, 0, 0, 0, 0, 0, 0, 0, 0, 0, 0, 0, 0, 0, 0, 0, 0, 0, 0, 0, 0, 0, 0, 0, 0, 0, 0, 0, 0, 0, 0, 0, 0, 0, 0, 0, 0, 0, 0, 0, 0, 0, 0], label=0)
[02.28 18:32:45] ┇ INFO     ┇                       nlpbook.cls.corpus ┇   ===
[02.28 18:32:45] ┇ INFO     ┇                       nlpbook.cls.corpus ┇ Converted 50000 raw examples to 50000 encoded examples
[02.28 18:32:46] ┇ INFO     ┇                                 __main__ ┇ Created val_dataset providing 50000 examples
[02.28 18:32:46] ┇ INFO     ┇                                 __main__ ┇ Created val_dataloader providing 782 batches
[02.28 18:32:46] ┇ INFO     ┇                                 __main__ ┇ === [after-val_dataloader] ==============================================================================================================
[02.28 18:33:06] ┇ INFO     ┇                                 __main__ ┇ (Ep 0.0) training:   3%|█                             | 40/1172 [00:19<01:06, 17.05x64b/s] | st=40, ep=0.0, loss=0.2615, acc=0.9062
[02.28 18:33:07] ┇ INFO     ┇                                 __main__ ┇ (Ep 0.1) training:   7%|██                            | 79/1172 [00:21<00:49, 21.92x64b/s] | st=79, ep=0.1, loss=0.3415, acc=0.8750
[02.28 18:33:09] ┇ INFO     ┇                                 __main__ ┇ (Ep 0.1) training:  10%|███                           | 118/1172 [00:23<00:50, 20.91x64b/s] | st=118, ep=0.1, loss=0.3277, acc=0.8125
[02.28 18:33:26] ┇ INFO     ┇                                 __main__ ┇ (Ep 0.1) checking:  34%|██████▋             | 131/391 [00:16<00:03, 65.15x64b/s]
[02.28 18:33:28] ┇ INFO     ┇                                 __main__ ┇ (Ep 0.1) checking:  67%|█████████████▎      | 261/391 [00:18<00:01, 78.11x64b/s]
[02.28 18:33:30] ┇ INFO     ┇                                 __main__ ┇ (Ep 0.1) checking: 100%|████████████████████| 391/391 [00:20<00:00, 60.63x64b/s] | st=118, ep=0.1, val_loss=0.2985, val_acc=0.8772
[02.28 18:33:32] ┇ INFO     ┇                                 __main__ ┇ --- [after-check] -----------------------------------------------------------------------------------------------------------------------
[02.28 18:33:34] ┇ INFO     ┇                                 __main__ ┇ (Ep 0.1) training:  13%|████                          | 157/1172 [00:48<01:09, 14.54x64b/s] | st=157, ep=0.1, loss=0.2449, acc=0.8594
[02.28 18:33:36] ┇ INFO     ┇                                 __main__ ┇ (Ep 0.2) training:  17%|█████                         | 196/1172 [00:49<00:45, 21.27x64b/s] | st=196, ep=0.2, loss=0.2638, acc=0.8750
[02.28 18:33:37] ┇ INFO     ┇                                 __main__ ┇ (Ep 0.2) training:  20%|██████                        | 235/1172 [00:51<00:44, 20.98x64b/s] | st=235, ep=0.2, loss=0.2498, acc=0.9219
[02.28 18:33:55] ┇ INFO     ┇                                 __main__ ┇ (Ep 0.2) checking:  34%|██████▋             | 131/391 [00:17<00:04, 60.51x64b/s]
[02.28 18:33:57] ┇ INFO     ┇                                 __main__ ┇ (Ep 0.2) checking:  67%|█████████████▎      | 261/391 [00:19<00:01, 69.15x64b/s]
[02.28 18:33:58] ┇ INFO     ┇                                 __main__ ┇ (Ep 0.2) checking: 100%|████████████████████| 391/391 [00:21<00:00, 78.62x64b/s] | st=235, ep=0.2, val_loss=0.2781, val_acc=0.8854
[02.28 18:34:01] ┇ INFO     ┇                                 __main__ ┇ --- [after-check] -----------------------------------------------------------------------------------------------------------------------
[02.28 18:34:04] ┇ INFO     ┇                                 __main__ ┇ (Ep 0.2) training:  23%|███████                       | 274/1172 [01:18<01:26, 10.35x64b/s] | st=274, ep=0.2, loss=0.2741, acc=0.8750
[02.28 18:34:06] ┇ INFO     ┇                                 __main__ ┇ (Ep 0.3) training:  27%|████████                      | 313/1172 [01:19<00:41, 20.93x64b/s] | st=313, ep=0.3, loss=0.2855, acc=0.8750
[02.28 18:34:07] ┇ INFO     ┇                                 __main__ ┇ (Ep 0.3) training:  30%|█████████                     | 352/1172 [01:21<00:38, 21.20x64b/s] | st=352, ep=0.3, loss=0.3683, acc=0.8438
[02.28 18:34:26] ┇ INFO     ┇                                 __main__ ┇ (Ep 0.3) checking:  34%|██████▋             | 131/391 [00:18<00:04, 62.59x64b/s]
[02.28 18:34:28] ┇ INFO     ┇                                 __main__ ┇ (Ep 0.3) checking:  67%|█████████████▎      | 261/391 [00:20<00:01, 80.40x64b/s]
[02.28 18:34:30] ┇ INFO     ┇                                 __main__ ┇ (Ep 0.3) checking: 100%|████████████████████| 391/391 [00:22<00:00, 71.51x64b/s] | st=352, ep=0.3, val_loss=0.2696, val_acc=0.8904
[02.28 18:34:32] ┇ INFO     ┇                                 __main__ ┇ --- [after-check] -----------------------------------------------------------------------------------------------------------------------
[02.28 18:34:34] ┇ INFO     ┇                                 __main__ ┇ (Ep 0.3) training:  33%|██████████                    | 391/1172 [01:48<01:02, 12.56x64b/s] | st=391, ep=0.3, loss=0.2537, acc=0.9062
[02.28 18:34:36] ┇ INFO     ┇                                 __main__ ┇ (Ep 0.4) training:  37%|███████████                   | 430/1172 [01:50<00:35, 21.10x64b/s] | st=430, ep=0.4, loss=0.3414, acc=0.8750
[02.28 18:34:38] ┇ INFO     ┇                                 __main__ ┇ (Ep 0.4) training:  40%|████████████                  | 469/1172 [01:51<00:32, 21.74x64b/s] | st=469, ep=0.4, loss=0.3575, acc=0.8750
[02.28 18:34:55] ┇ INFO     ┇                                 __main__ ┇ (Ep 0.4) checking:  34%|██████▋             | 131/391 [00:17<00:04, 57.16x64b/s]
[02.28 18:34:56] ┇ INFO     ┇                                 __main__ ┇ (Ep 0.4) checking:  67%|█████████████▎      | 261/391 [00:18<00:01, 80.65x64b/s]
[02.28 18:34:58] ┇ INFO     ┇                                 __main__ ┇ (Ep 0.4) checking: 100%|████████████████████| 391/391 [00:20<00:00, 62.74x64b/s] | st=469, ep=0.4, val_loss=0.2646, val_acc=0.8953
[02.28 18:35:01] ┇ INFO     ┇                                 __main__ ┇ --- [after-check] -----------------------------------------------------------------------------------------------------------------------
[02.28 18:35:03] ┇ INFO     ┇                                 __main__ ┇ (Ep 0.4) training:  43%|█████████████                 | 508/1172 [02:16<00:46, 14.17x64b/s] | st=508, ep=0.4, loss=0.1992, acc=0.9531
[02.28 18:35:05] ┇ INFO     ┇                                 __main__ ┇ (Ep 0.5) training:  47%|██████████████                | 547/1172 [02:19<00:30, 20.58x64b/s] | st=547, ep=0.5, loss=0.2861, acc=0.9062
[02.28 18:35:07] ┇ INFO     ┇                                 __main__ ┇ (Ep 0.5) training:  50%|███████████████               | 586/1172 [02:20<00:27, 21.41x64b/s] | st=586, ep=0.5, loss=0.2684, acc=0.8594
[02.28 18:35:22] ┇ INFO     ┇                                 __main__ ┇ (Ep 0.5) checking:  34%|██████▋             | 131/391 [00:15<00:04, 61.82x64b/s]
[02.28 18:35:23] ┇ INFO     ┇                                 __main__ ┇ (Ep 0.5) checking:  67%|█████████████▎      | 261/391 [00:16<00:01, 81.05x64b/s]
[02.28 18:35:25] ┇ INFO     ┇                                 __main__ ┇ (Ep 0.5) checking: 100%|████████████████████| 391/391 [00:18<00:00, 78.86x64b/s] | st=586, ep=0.5, val_loss=0.2514, val_acc=0.8988
[02.28 18:35:27] ┇ INFO     ┇                                 __main__ ┇ --- [after-check] -----------------------------------------------------------------------------------------------------------------------
[02.28 18:35:29] ┇ INFO     ┇                                 __main__ ┇ (Ep 0.5) training:  53%|████████████████              | 626/1172 [02:43<00:37, 14.74x64b/s] | st=626, ep=0.5, loss=0.3091, acc=0.8750
[02.28 18:35:32] ┇ INFO     ┇                                 __main__ ┇ (Ep 0.6) training:  57%|█████████████████             | 665/1172 [02:46<01:10,  7.17x64b/s] | st=665, ep=0.6, loss=0.2806, acc=0.8594
[02.28 18:35:34] ┇ INFO     ┇                                 __main__ ┇ (Ep 0.6) training:  60%|██████████████████            | 704/1172 [02:48<00:22, 20.91x64b/s] | st=704, ep=0.6, loss=0.3037, acc=0.8750
[02.28 18:35:48] ┇ INFO     ┇                                 __main__ ┇ (Ep 0.6) checking:  34%|██████▋             | 131/391 [00:14<00:03, 67.13x64b/s]
[02.28 18:35:50] ┇ INFO     ┇                                 __main__ ┇ (Ep 0.6) checking:  67%|█████████████▎      | 261/391 [00:16<00:01, 74.45x64b/s]
[02.28 18:35:52] ┇ INFO     ┇                                 __main__ ┇ (Ep 0.6) checking: 100%|████████████████████| 391/391 [00:17<00:00, 75.50x64b/s] | st=704, ep=0.6, val_loss=0.2517, val_acc=0.8979
[02.28 18:36:00] ┇ INFO     ┇                                 __main__ ┇ --- [after-check] -----------------------------------------------------------------------------------------------------------------------
[02.28 18:36:02] ┇ INFO     ┇                                 __main__ ┇ (Ep 0.6) training:  63%|███████████████████           | 743/1172 [03:16<00:36, 11.73x64b/s] | st=743, ep=0.6, loss=0.2438, acc=0.8750
[02.28 18:36:04] ┇ INFO     ┇                                 __main__ ┇ (Ep 0.7) training:  67%|████████████████████          | 782/1172 [03:18<00:28, 13.74x64b/s] | st=782, ep=0.7, loss=0.2453, acc=0.9062
[02.28 18:36:06] ┇ INFO     ┇                                 __main__ ┇ (Ep 0.7) training:  70%|█████████████████████         | 821/1172 [03:20<00:17, 19.86x64b/s] | st=821, ep=0.7, loss=0.3099, acc=0.8281
[02.28 18:36:20] ┇ INFO     ┇                                 __main__ ┇ (Ep 0.7) checking:  34%|██████▋             | 131/391 [00:14<00:04, 57.98x64b/s]
[02.28 18:36:22] ┇ INFO     ┇                                 __main__ ┇ (Ep 0.7) checking:  67%|█████████████▎      | 261/391 [00:15<00:01, 76.21x64b/s]
[02.28 18:36:24] ┇ INFO     ┇                                 __main__ ┇ (Ep 0.7) checking: 100%|████████████████████| 391/391 [00:17<00:00, 75.29x64b/s] | st=821, ep=0.7, val_loss=0.2452, val_acc=0.9020
[02.28 18:36:33] ┇ INFO     ┇                                 __main__ ┇ --- [after-check] -----------------------------------------------------------------------------------------------------------------------
[02.28 18:36:35] ┇ INFO     ┇                                 __main__ ┇ (Ep 0.7) training:  73%|██████████████████████        | 860/1172 [03:49<00:23, 13.31x64b/s] | st=860, ep=0.7, loss=0.1939, acc=0.9375
[02.28 18:36:37] ┇ INFO     ┇                                 __main__ ┇ (Ep 0.8) training:  77%|███████████████████████       | 899/1172 [03:51<00:12, 21.13x64b/s] | st=899, ep=0.8, loss=0.2045, acc=0.8750
[02.28 18:36:39] ┇ INFO     ┇                                 __main__ ┇ (Ep 0.8) training:  80%|████████████████████████      | 938/1172 [03:53<00:10, 21.33x64b/s] | st=938, ep=0.8, loss=0.2060, acc=0.8750
[02.28 18:37:00] ┇ INFO     ┇                                 __main__ ┇ (Ep 0.8) checking:  34%|██████▋             | 131/391 [00:21<00:04, 57.47x64b/s]
[02.28 18:37:02] ┇ INFO     ┇                                 __main__ ┇ (Ep 0.8) checking:  67%|█████████████▎      | 261/391 [00:22<00:01, 80.96x64b/s]
[02.28 18:37:04] ┇ INFO     ┇                                 __main__ ┇ (Ep 0.8) checking: 100%|████████████████████| 391/391 [00:24<00:00, 80.59x64b/s] | st=938, ep=0.8, val_loss=0.2423, val_acc=0.9027
[02.28 18:37:05] ┇ INFO     ┇                                 __main__ ┇ --- [after-check] -----------------------------------------------------------------------------------------------------------------------
[02.28 18:37:07] ┇ INFO     ┇                                 __main__ ┇ (Ep 0.8) training:  83%|█████████████████████████     | 977/1172 [04:21<00:16, 11.79x64b/s] | st=977, ep=0.8, loss=0.1675, acc=0.9688
[02.28 18:37:09] ┇ INFO     ┇                                 __main__ ┇ (Ep 0.9) training:  87%|██████████████████████████    | 1016/1172 [04:23<00:07, 20.91x64b/s] | st=1016, ep=0.9, loss=0.1868, acc=0.9531
[02.28 18:37:11] ┇ INFO     ┇                                 __main__ ┇ (Ep 0.9) training:  90%|███████████████████████████   | 1055/1172 [04:25<00:05, 20.65x64b/s] | st=1055, ep=0.9, loss=0.1613, acc=0.9531
[02.28 18:37:27] ┇ INFO     ┇                                 __main__ ┇ (Ep 0.9) checking:  34%|██████▋             | 131/391 [00:15<00:06, 41.01x64b/s]
[02.28 18:37:28] ┇ INFO     ┇                                 __main__ ┇ (Ep 0.9) checking:  67%|█████████████▎      | 261/391 [00:17<00:01, 79.26x64b/s]
[02.28 18:37:30] ┇ INFO     ┇                                 __main__ ┇ (Ep 0.9) checking: 100%|████████████████████| 391/391 [00:19<00:00, 72.55x64b/s] | st=1055, ep=0.9, val_loss=0.2327, val_acc=0.9071
[02.28 18:37:33] ┇ INFO     ┇                                 __main__ ┇ --- [after-check] -----------------------------------------------------------------------------------------------------------------------
[02.28 18:37:34] ┇ INFO     ┇                                 __main__ ┇ (Ep 0.9) training:  93%|████████████████████████████  | 1094/1172 [04:48<00:05, 13.08x64b/s] | st=1094, ep=0.9, loss=0.2853, acc=0.9375
[02.28 18:37:36] ┇ INFO     ┇                                 __main__ ┇ (Ep 1.0) training:  97%|█████████████████████████████ | 1133/1172 [04:50<00:01, 20.88x64b/s] | st=1133, ep=1.0, loss=0.1393, acc=0.9375
[02.28 18:37:38] ┇ INFO     ┇                                 __main__ ┇ (Ep 1.0) training: 100%|██████████████████████████████| 1172/1172 [04:52<00:00, 21.14x64b/s] | st=1172, ep=1.0, loss=0.1779, acc=0.9464
[02.28 18:37:53] ┇ INFO     ┇                                 __main__ ┇ (Ep 1.0) checking:  34%|██████▋             | 131/391 [00:15<00:03, 67.29x64b/s]
[02.28 18:37:55] ┇ INFO     ┇                                 __main__ ┇ (Ep 1.0) checking:  67%|█████████████▎      | 261/391 [00:16<00:01, 67.37x64b/s]
[02.28 18:37:57] ┇ INFO     ┇                                 __main__ ┇ (Ep 1.0) checking: 100%|████████████████████| 391/391 [00:18<00:00, 81.87x64b/s] | st=1172, ep=1.0, val_loss=0.2402, val_acc=0.9058
[02.28 18:37:59] ┇ INFO     ┇                                 __main__ ┇ --- [after-check] -----------------------------------------------------------------------------------------------------------------------
[02.28 18:38:02] ┇ INFO     ┇                                 __main__ ┇ === [after-epoch] =======================================================================================================================
[02.28 18:38:19] ┇ INFO     ┇                                 __main__ ┇ (Ep 1.0) training:   3%|█                             | 40/1172 [00:17<01:05, 17.20x64b/s] | st=1212, ep=1.0, loss=0.0995, acc=0.9531
[02.28 18:38:21] ┇ INFO     ┇                                 __main__ ┇ (Ep 1.1) training:   7%|██                            | 79/1172 [00:19<00:53, 20.34x64b/s] | st=1251, ep=1.1, loss=0.1457, acc=0.9219
[02.28 18:38:23] ┇ INFO     ┇                                 __main__ ┇ (Ep 1.1) training:  10%|███                           | 118/1172 [00:20<00:51, 20.27x64b/s] | st=1290, ep=1.1, loss=0.1415, acc=0.9375
[02.28 18:38:38] ┇ INFO     ┇                                 __main__ ┇ (Ep 1.1) checking:  34%|██████▋             | 131/391 [00:15<00:03, 67.30x64b/s]
[02.28 18:38:40] ┇ INFO     ┇                                 __main__ ┇ (Ep 1.1) checking:  67%|█████████████▎      | 261/391 [00:16<00:01, 82.22x64b/s]
[02.28 18:38:41] ┇ INFO     ┇                                 __main__ ┇ (Ep 1.1) checking: 100%|████████████████████| 391/391 [00:18<00:00, 80.93x64b/s] | st=1290, ep=1.1, val_loss=0.2505, val_acc=0.9027
[02.28 18:38:44] ┇ INFO     ┇                                 __main__ ┇ --- [after-check] -----------------------------------------------------------------------------------------------------------------------
[02.28 18:38:46] ┇ INFO     ┇                                 __main__ ┇ (Ep 1.1) training:  13%|████                          | 157/1172 [00:43<01:10, 14.34x64b/s] | st=1329, ep=1.1, loss=0.1291, acc=0.9688
[02.28 18:38:47] ┇ INFO     ┇                                 __main__ ┇ (Ep 1.2) training:  17%|█████                         | 196/1172 [00:45<00:49, 19.67x64b/s] | st=1368, ep=1.2, loss=0.1782, acc=0.9219
[02.28 18:38:49] ┇ INFO     ┇                                 __main__ ┇ (Ep 1.2) training:  20%|██████                        | 235/1172 [00:47<00:45, 20.72x64b/s] | st=1407, ep=1.2, loss=0.3023, acc=0.8906
[02.28 18:39:04] ┇ INFO     ┇                                 __main__ ┇ (Ep 1.2) checking:  34%|██████▋             | 131/391 [00:15<00:03, 67.93x64b/s]
[02.28 18:39:06] ┇ INFO     ┇                                 __main__ ┇ (Ep 1.2) checking:  67%|█████████████▎      | 261/391 [00:16<00:01, 77.98x64b/s]
[02.28 18:39:08] ┇ INFO     ┇                                 __main__ ┇ (Ep 1.2) checking: 100%|████████████████████| 391/391 [00:18<00:00, 80.23x64b/s] | st=1407, ep=1.2, val_loss=0.2426, val_acc=0.9056
[02.28 18:39:12] ┇ INFO     ┇                                 __main__ ┇ --- [after-check] -----------------------------------------------------------------------------------------------------------------------
[02.28 18:39:14] ┇ INFO     ┇                                 __main__ ┇ (Ep 1.2) training:  23%|███████                       | 274/1172 [01:11<01:15, 11.91x64b/s] | st=1446, ep=1.2, loss=0.0666, acc=0.9844
[02.28 18:39:15] ┇ INFO     ┇                                 __main__ ┇ (Ep 1.3) training:  27%|████████                      | 313/1172 [01:13<00:39, 21.56x64b/s] | st=1485, ep=1.3, loss=0.2458, acc=0.9375
[02.28 18:39:17] ┇ INFO     ┇                                 __main__ ┇ (Ep 1.3) training:  30%|█████████                     | 352/1172 [01:15<00:37, 21.59x64b/s] | st=1524, ep=1.3, loss=0.1527, acc=0.9531
[02.28 18:39:32] ┇ INFO     ┇                                 __main__ ┇ (Ep 1.3) checking:  34%|██████▋             | 131/391 [00:15<00:03, 66.42x64b/s]
[02.28 18:39:34] ┇ INFO     ┇                                 __main__ ┇ (Ep 1.3) checking:  67%|█████████████▎      | 261/391 [00:16<00:01, 71.14x64b/s]
[02.28 18:39:36] ┇ INFO     ┇                                 __main__ ┇ (Ep 1.3) checking: 100%|████████████████████| 391/391 [00:18<00:00, 67.80x64b/s] | st=1524, ep=1.3, val_loss=0.2453, val_acc=0.9042
[02.28 18:39:38] ┇ INFO     ┇                                 __main__ ┇ --- [after-check] -----------------------------------------------------------------------------------------------------------------------
[02.28 18:39:40] ┇ INFO     ┇                                 __main__ ┇ (Ep 1.3) training:  33%|██████████                    | 391/1172 [01:38<00:59, 13.12x64b/s] | st=1563, ep=1.3, loss=0.1348, acc=0.9219
[02.28 18:39:42] ┇ INFO     ┇                                 __main__ ┇ (Ep 1.4) training:  37%|███████████                   | 430/1172 [01:39<00:35, 20.66x64b/s] | st=1602, ep=1.4, loss=0.1822, acc=0.9375
[02.28 18:39:43] ┇ INFO     ┇                                 __main__ ┇ (Ep 1.4) training:  40%|████████████                  | 469/1172 [01:41<00:33, 20.88x64b/s] | st=1641, ep=1.4, loss=0.1071, acc=0.9531
[02.28 18:39:59] ┇ INFO     ┇                                 __main__ ┇ (Ep 1.4) checking:  34%|██████▋             | 131/391 [00:15<00:03, 69.83x64b/s]
[02.28 18:40:00] ┇ INFO     ┇                                 __main__ ┇ (Ep 1.4) checking:  67%|█████████████▎      | 261/391 [00:16<00:01, 78.64x64b/s]
[02.28 18:40:02] ┇ INFO     ┇                                 __main__ ┇ (Ep 1.4) checking: 100%|████████████████████| 391/391 [00:18<00:00, 79.87x64b/s] | st=1641, ep=1.4, val_loss=0.2655, val_acc=0.9046
[02.28 18:40:04] ┇ INFO     ┇                                 __main__ ┇ --- [after-check] -----------------------------------------------------------------------------------------------------------------------
[02.28 18:40:06] ┇ INFO     ┇                                 __main__ ┇ (Ep 1.4) training:  43%|█████████████                 | 508/1172 [02:04<00:48, 13.63x64b/s] | st=1680, ep=1.4, loss=0.1931, acc=0.9375
[02.28 18:40:09] ┇ INFO     ┇                                 __main__ ┇ (Ep 1.5) training:  47%|██████████████                | 547/1172 [02:07<00:31, 19.73x64b/s] | st=1719, ep=1.5, loss=0.1529, acc=0.9219
[02.28 18:40:11] ┇ INFO     ┇                                 __main__ ┇ (Ep 1.5) training:  50%|███████████████               | 586/1172 [02:09<00:28, 20.66x64b/s] | st=1758, ep=1.5, loss=0.1063, acc=0.9375
[02.28 18:40:36] ┇ INFO     ┇                                 __main__ ┇ (Ep 1.5) checking:  34%|██████▋             | 131/391 [00:24<00:04, 56.35x64b/s]
[02.28 18:40:38] ┇ INFO     ┇                                 __main__ ┇ (Ep 1.5) checking:  67%|█████████████▎      | 261/391 [00:26<00:01, 72.24x64b/s]
[02.28 18:40:39] ┇ INFO     ┇                                 __main__ ┇ (Ep 1.5) checking: 100%|████████████████████| 391/391 [00:28<00:00, 74.85x64b/s] | st=1758, ep=1.5, val_loss=0.2620, val_acc=0.9042
[02.28 18:40:41] ┇ INFO     ┇                                 __main__ ┇ --- [after-check] -----------------------------------------------------------------------------------------------------------------------
[02.28 18:40:43] ┇ INFO     ┇                                 __main__ ┇ (Ep 1.5) training:  53%|████████████████              | 626/1172 [02:41<00:42, 12.91x64b/s] | st=1798, ep=1.5, loss=0.1592, acc=0.9062
[02.28 18:40:45] ┇ INFO     ┇                                 __main__ ┇ (Ep 1.6) training:  57%|█████████████████             | 665/1172 [02:43<00:27, 18.39x64b/s] | st=1837, ep=1.6, loss=0.2370, acc=0.8750
[02.28 18:40:47] ┇ INFO     ┇                                 __main__ ┇ (Ep 1.6) training:  60%|██████████████████            | 704/1172 [02:45<00:23, 19.70x64b/s] | st=1876, ep=1.6, loss=0.1564, acc=0.9375
[02.28 18:41:06] ┇ INFO     ┇                                 __main__ ┇ (Ep 1.6) checking:  34%|██████▋             | 131/391 [00:18<00:03, 65.54x64b/s]
[02.28 18:41:08] ┇ INFO     ┇                                 __main__ ┇ (Ep 1.6) checking:  67%|█████████████▎      | 261/391 [00:20<00:01, 70.22x64b/s]
[02.28 18:41:10] ┇ INFO     ┇                                 __main__ ┇ (Ep 1.6) checking: 100%|████████████████████| 391/391 [00:22<00:00, 71.53x64b/s] | st=1876, ep=1.6, val_loss=0.2345, val_acc=0.9094
[02.28 18:41:11] ┇ INFO     ┇                                 __main__ ┇ --- [after-check] -----------------------------------------------------------------------------------------------------------------------
[02.28 18:41:13] ┇ INFO     ┇                                 __main__ ┇ (Ep 1.6) training:  63%|███████████████████           | 743/1172 [03:11<00:30, 13.95x64b/s] | st=1915, ep=1.6, loss=0.2550, acc=0.8906
[02.28 18:41:16] ┇ INFO     ┇                                 __main__ ┇ (Ep 1.7) training:  67%|████████████████████          | 782/1172 [03:14<00:35, 11.01x64b/s] | st=1954, ep=1.7, loss=0.1388, acc=0.9375
[02.28 18:41:18] ┇ INFO     ┇                                 __main__ ┇ (Ep 1.7) training:  70%|█████████████████████         | 821/1172 [03:16<00:17, 20.08x64b/s] | st=1993, ep=1.7, loss=0.1617, acc=0.9375
[02.28 18:41:53] ┇ INFO     ┇                                 __main__ ┇ (Ep 1.7) checking:  34%|██████▋             | 131/391 [00:34<00:04, 56.55x64b/s]
[02.28 18:41:54] ┇ INFO     ┇                                 __main__ ┇ (Ep 1.7) checking:  67%|█████████████▎      | 261/391 [00:36<00:01, 70.90x64b/s]
[02.28 18:41:56] ┇ INFO     ┇                                 __main__ ┇ (Ep 1.7) checking: 100%|████████████████████| 391/391 [00:38<00:00, 73.96x64b/s] | st=1993, ep=1.7, val_loss=0.2379, val_acc=0.9087
[02.28 18:41:58] ┇ INFO     ┇                                 __main__ ┇ --- [after-check] -----------------------------------------------------------------------------------------------------------------------
[02.28 18:42:00] ┇ INFO     ┇                                 __main__ ┇ (Ep 1.7) training:  73%|██████████████████████        | 860/1172 [03:58<00:30, 10.38x64b/s] | st=2032, ep=1.7, loss=0.1930, acc=0.9062
[02.28 18:42:02] ┇ INFO     ┇                                 __main__ ┇ (Ep 1.8) training:  77%|███████████████████████       | 899/1172 [03:59<00:12, 21.13x64b/s] | st=2071, ep=1.8, loss=0.2490, acc=0.8750
[02.28 18:42:04] ┇ INFO     ┇                                 __main__ ┇ (Ep 1.8) training:  80%|████████████████████████      | 938/1172 [04:01<00:11, 21.17x64b/s] | st=2110, ep=1.8, loss=0.2307, acc=0.9219
[02.28 18:42:28] ┇ INFO     ┇                                 __main__ ┇ (Ep 1.8) checking:  34%|██████▋             | 131/391 [00:24<00:13, 18.81x64b/s]
[02.28 18:42:30] ┇ INFO     ┇                                 __main__ ┇ (Ep 1.8) checking:  67%|█████████████▎      | 261/391 [00:26<00:01, 69.29x64b/s]
[02.28 18:42:32] ┇ INFO     ┇                                 __main__ ┇ (Ep 1.8) checking: 100%|████████████████████| 391/391 [00:28<00:00, 69.71x64b/s] | st=2110, ep=1.8, val_loss=0.2329, val_acc=0.9067
[02.28 18:42:33] ┇ INFO     ┇                                 __main__ ┇ --- [after-check] -----------------------------------------------------------------------------------------------------------------------
[02.28 18:42:35] ┇ INFO     ┇                                 __main__ ┇ (Ep 1.8) training:  83%|█████████████████████████     | 977/1172 [04:33<00:16, 11.48x64b/s] | st=2149, ep=1.8, loss=0.2629, acc=0.9062
[02.28 18:42:37] ┇ INFO     ┇                                 __main__ ┇ (Ep 1.9) training:  87%|██████████████████████████    | 1016/1172 [04:35<00:07, 19.71x64b/s] | st=2188, ep=1.9, loss=0.1180, acc=0.9531
[02.28 18:42:39] ┇ INFO     ┇                                 __main__ ┇ (Ep 1.9) training:  90%|███████████████████████████   | 1055/1172 [04:37<00:05, 21.43x64b/s] | st=2227, ep=1.9, loss=0.2215, acc=0.9375
[02.28 18:43:01] ┇ INFO     ┇                                 __main__ ┇ (Ep 1.9) checking:  34%|██████▋             | 131/391 [00:21<00:05, 49.20x64b/s]
[02.28 18:43:02] ┇ INFO     ┇                                 __main__ ┇ (Ep 1.9) checking:  67%|█████████████▎      | 261/391 [00:23<00:01, 82.56x64b/s]
[02.28 18:43:04] ┇ INFO     ┇                                 __main__ ┇ (Ep 1.9) checking: 100%|████████████████████| 391/391 [00:25<00:00, 74.80x64b/s] | st=2227, ep=1.9, val_loss=0.2278, val_acc=0.9082
[02.28 18:43:06] ┇ INFO     ┇                                 __main__ ┇ --- [after-check] -----------------------------------------------------------------------------------------------------------------------
[02.28 18:43:08] ┇ INFO     ┇                                 __main__ ┇ (Ep 1.9) training:  93%|████████████████████████████  | 1094/1172 [05:05<00:06, 11.79x64b/s] | st=2266, ep=1.9, loss=0.1589, acc=0.9688
[02.28 18:43:09] ┇ INFO     ┇                                 __main__ ┇ (Ep 2.0) training:  97%|█████████████████████████████ | 1133/1172 [05:07<00:01, 20.93x64b/s] | st=2305, ep=2.0, loss=0.1650, acc=0.9219
[02.28 18:43:11] ┇ INFO     ┇                                 __main__ ┇ (Ep 2.0) training: 100%|██████████████████████████████| 1172/1172 [05:09<00:00, 21.78x64b/s] | st=2344, ep=2.0, loss=0.2799, acc=0.8393
[02.28 18:43:27] ┇ INFO     ┇                                 __main__ ┇ (Ep 2.0) checking:  34%|██████▋             | 131/391 [00:15<00:03, 69.89x64b/s]
[02.28 18:43:28] ┇ INFO     ┇                                 __main__ ┇ (Ep 2.0) checking:  67%|█████████████▎      | 261/391 [00:16<00:01, 79.17x64b/s]
[02.28 18:43:30] ┇ INFO     ┇                                 __main__ ┇ (Ep 2.0) checking: 100%|████████████████████| 391/391 [00:18<00:00, 83.05x64b/s] | st=2344, ep=2.0, val_loss=0.2477, val_acc=0.9009
[02.28 18:43:33] ┇ INFO     ┇                                 __main__ ┇ --- [after-check] -----------------------------------------------------------------------------------------------------------------------
[02.28 18:43:36] ┇ INFO     ┇                                 __main__ ┇ === [after-epoch] =======================================================================================================================
[02.28 18:43:52] ┇ INFO     ┇                                 __main__ ┇ (Ep 2.0) training:   3%|█                             | 40/1172 [00:16<01:19, 14.15x64b/s] | st=2384, ep=2.0, loss=0.1372, acc=0.9531
[02.28 18:43:54] ┇ INFO     ┇                                 __main__ ┇ (Ep 2.1) training:   7%|██                            | 79/1172 [00:17<00:51, 21.20x64b/s] | st=2423, ep=2.1, loss=0.2349, acc=0.9219
[02.28 18:43:56] ┇ INFO     ┇                                 __main__ ┇ (Ep 2.1) training:  10%|███                           | 118/1172 [00:19<00:50, 21.06x64b/s] | st=2462, ep=2.1, loss=0.0900, acc=0.9688
[02.28 18:44:11] ┇ INFO     ┇                                 __main__ ┇ (Ep 2.1) checking:  34%|██████▋             | 131/391 [00:15<00:04, 60.98x64b/s]
[02.28 18:44:13] ┇ INFO     ┇                                 __main__ ┇ (Ep 2.1) checking:  67%|█████████████▎      | 261/391 [00:17<00:01, 71.97x64b/s]
[02.28 18:44:15] ┇ INFO     ┇                                 __main__ ┇ (Ep 2.1) checking: 100%|████████████████████| 391/391 [00:18<00:00, 76.59x64b/s] | st=2462, ep=2.1, val_loss=0.2707, val_acc=0.9077
[02.28 18:44:16] ┇ INFO     ┇                                 __main__ ┇ --- [after-check] -----------------------------------------------------------------------------------------------------------------------
[02.28 18:44:18] ┇ INFO     ┇                                 __main__ ┇ (Ep 2.1) training:  13%|████                          | 157/1172 [00:42<01:17, 13.17x64b/s] | st=2501, ep=2.1, loss=0.1584, acc=0.9062
[02.28 18:44:20] ┇ INFO     ┇                                 __main__ ┇ (Ep 2.2) training:  17%|█████                         | 196/1172 [00:44<00:46, 21.14x64b/s] | st=2540, ep=2.2, loss=0.1263, acc=0.9688
[02.28 18:44:22] ┇ INFO     ┇                                 __main__ ┇ (Ep 2.2) training:  20%|██████                        | 235/1172 [00:46<00:45, 20.66x64b/s] | st=2579, ep=2.2, loss=0.0913, acc=0.9688
[02.28 18:44:37] ┇ INFO     ┇                                 __main__ ┇ (Ep 2.2) checking:  34%|██████▋             | 131/391 [00:15<00:03, 67.05x64b/s]
[02.28 18:44:39] ┇ INFO     ┇                                 __main__ ┇ (Ep 2.2) checking:  67%|█████████████▎      | 261/391 [00:17<00:01, 67.31x64b/s]
[02.28 18:44:41] ┇ INFO     ┇                                 __main__ ┇ (Ep 2.2) checking: 100%|████████████████████| 391/391 [00:18<00:00, 75.60x64b/s] | st=2579, ep=2.2, val_loss=0.2617, val_acc=0.9076
[02.28 18:44:43] ┇ INFO     ┇                                 __main__ ┇ --- [after-check] -----------------------------------------------------------------------------------------------------------------------
[02.28 18:44:45] ┇ INFO     ┇                                 __main__ ┇ (Ep 2.2) training:  23%|███████                       | 274/1172 [01:09<01:06, 13.59x64b/s] | st=2618, ep=2.2, loss=0.3118, acc=0.8594
[02.28 18:44:47] ┇ INFO     ┇                                 __main__ ┇ (Ep 2.3) training:  27%|████████                      | 313/1172 [01:11<00:42, 20.02x64b/s] | st=2657, ep=2.3, loss=0.1600, acc=0.9688
[02.28 18:44:49] ┇ INFO     ┇                                 __main__ ┇ (Ep 2.3) training:  30%|█████████                     | 352/1172 [01:13<00:37, 21.64x64b/s] | st=2696, ep=2.3, loss=0.1172, acc=0.9531
[02.28 18:45:05] ┇ INFO     ┇                                 __main__ ┇ (Ep 2.3) checking:  34%|██████▋             | 131/391 [00:15<00:04, 59.54x64b/s]
[02.28 18:45:06] ┇ INFO     ┇                                 __main__ ┇ (Ep 2.3) checking:  67%|█████████████▎      | 261/391 [00:17<00:01, 83.70x64b/s]
[02.28 18:45:08] ┇ INFO     ┇                                 __main__ ┇ (Ep 2.3) checking: 100%|████████████████████| 391/391 [00:18<00:00, 79.16x64b/s] | st=2696, ep=2.3, val_loss=0.2627, val_acc=0.9046
[02.28 18:45:10] ┇ INFO     ┇                                 __main__ ┇ --- [after-check] -----------------------------------------------------------------------------------------------------------------------
[02.28 18:45:12] ┇ INFO     ┇                                 __main__ ┇ (Ep 2.3) training:  33%|██████████                    | 391/1172 [01:36<00:51, 15.17x64b/s] | st=2735, ep=2.3, loss=0.1279, acc=0.9531
[02.28 18:45:14] ┇ INFO     ┇                                 __main__ ┇ (Ep 2.4) training:  37%|███████████                   | 430/1172 [01:37<00:36, 20.45x64b/s] | st=2774, ep=2.4, loss=0.2130, acc=0.9219
[02.28 18:45:16] ┇ INFO     ┇                                 __main__ ┇ (Ep 2.4) training:  40%|████████████                  | 469/1172 [01:39<00:34, 20.48x64b/s] | st=2813, ep=2.4, loss=0.1422, acc=0.9375
[02.28 18:45:32] ┇ INFO     ┇                                 __main__ ┇ (Ep 2.4) checking:  34%|██████▋             | 131/391 [00:16<00:04, 64.03x64b/s]
[02.28 18:45:34] ┇ INFO     ┇                                 __main__ ┇ (Ep 2.4) checking:  67%|█████████████▎      | 261/391 [00:17<00:01, 83.19x64b/s]
[02.28 18:45:35] ┇ INFO     ┇                                 __main__ ┇ (Ep 2.4) checking: 100%|████████████████████| 391/391 [00:19<00:00, 80.67x64b/s] | st=2813, ep=2.4, val_loss=0.2563, val_acc=0.9097
[02.28 18:45:37] ┇ INFO     ┇                                 __main__ ┇ --- [after-check] -----------------------------------------------------------------------------------------------------------------------
[02.28 18:45:39] ┇ INFO     ┇                                 __main__ ┇ (Ep 2.4) training:  43%|█████████████                 | 508/1172 [02:03<00:50, 13.12x64b/s] | st=2852, ep=2.4, loss=0.1634, acc=0.9375
[02.28 18:45:41] ┇ INFO     ┇                                 __main__ ┇ (Ep 2.5) training:  47%|██████████████                | 547/1172 [02:05<00:30, 20.59x64b/s] | st=2891, ep=2.5, loss=0.1061, acc=0.9531
[02.28 18:45:43] ┇ INFO     ┇                                 __main__ ┇ (Ep 2.5) training:  50%|███████████████               | 586/1172 [02:07<00:28, 20.49x64b/s] | st=2930, ep=2.5, loss=0.0561, acc=0.9688
[02.28 18:45:59] ┇ INFO     ┇                                 __main__ ┇ (Ep 2.5) checking:  34%|██████▋             | 131/391 [00:15<00:03, 66.45x64b/s]
[02.28 18:46:02] ┇ INFO     ┇                                 __main__ ┇ (Ep 2.5) checking:  67%|█████████████▎      | 261/391 [00:18<00:02, 52.21x64b/s]
[02.28 18:46:04] ┇ INFO     ┇                                 __main__ ┇ (Ep 2.5) checking: 100%|████████████████████| 391/391 [00:20<00:00, 60.88x64b/s] | st=2930, ep=2.5, val_loss=0.2736, val_acc=0.9054
[02.28 18:46:05] ┇ INFO     ┇                                 __main__ ┇ --- [after-check] -----------------------------------------------------------------------------------------------------------------------
[02.28 18:46:07] ┇ INFO     ┇                                 __main__ ┇ (Ep 2.5) training:  53%|████████████████              | 626/1172 [02:31<00:37, 14.47x64b/s] | st=2970, ep=2.5, loss=0.1244, acc=0.9531
[02.28 18:46:10] ┇ INFO     ┇                                 __main__ ┇ (Ep 2.6) training:  57%|█████████████████             | 665/1172 [02:33<00:55,  9.13x64b/s] | st=3009, ep=2.6, loss=0.1071, acc=0.9531
[02.28 18:46:12] ┇ INFO     ┇                                 __main__ ┇ (Ep 2.6) training:  60%|██████████████████            | 704/1172 [02:35<00:22, 20.74x64b/s] | st=3048, ep=2.6, loss=0.2005, acc=0.9375
[02.28 18:46:30] ┇ INFO     ┇                                 __main__ ┇ (Ep 2.6) checking:  34%|██████▋             | 131/391 [00:18<00:04, 61.87x64b/s]
[02.28 18:46:32] ┇ INFO     ┇                                 __main__ ┇ (Ep 2.6) checking:  67%|█████████████▎      | 261/391 [00:20<00:01, 69.56x64b/s]
[02.28 18:46:34] ┇ INFO     ┇                                 __main__ ┇ (Ep 2.6) checking: 100%|████████████████████| 391/391 [00:22<00:00, 74.28x64b/s] | st=3048, ep=2.6, val_loss=0.3065, val_acc=0.9022
[02.28 18:46:36] ┇ INFO     ┇                                 __main__ ┇ --- [after-check] -----------------------------------------------------------------------------------------------------------------------
[02.28 18:46:38] ┇ INFO     ┇                                 __main__ ┇ (Ep 2.6) training:  63%|███████████████████           | 743/1172 [03:01<00:35, 11.93x64b/s] | st=3087, ep=2.6, loss=0.1582, acc=0.9531
[02.28 18:46:40] ┇ INFO     ┇                                 __main__ ┇ (Ep 2.7) training:  67%|████████████████████          | 782/1172 [03:03<00:23, 16.85x64b/s] | st=3126, ep=2.7, loss=0.1462, acc=0.9375
[02.28 18:46:42] ┇ INFO     ┇                                 __main__ ┇ (Ep 2.7) training:  70%|█████████████████████         | 821/1172 [03:06<00:19, 17.88x64b/s] | st=3165, ep=2.7, loss=0.0670, acc=0.9688
[02.28 18:47:01] ┇ INFO     ┇                                 __main__ ┇ (Ep 2.7) checking:  34%|██████▋             | 131/391 [00:18<00:04, 59.48x64b/s]
[02.28 18:47:03] ┇ INFO     ┇                                 __main__ ┇ (Ep 2.7) checking:  67%|█████████████▎      | 261/391 [00:20<00:02, 62.03x64b/s]
[02.28 18:47:05] ┇ INFO     ┇                                 __main__ ┇ (Ep 2.7) checking: 100%|████████████████████| 391/391 [00:22<00:00, 69.85x64b/s] | st=3165, ep=2.7, val_loss=0.2551, val_acc=0.9031
[02.28 18:47:06] ┇ INFO     ┇                                 __main__ ┇ --- [after-check] -----------------------------------------------------------------------------------------------------------------------
[02.28 18:47:08] ┇ INFO     ┇                                 __main__ ┇ (Ep 2.7) training:  73%|██████████████████████        | 860/1172 [03:31<00:24, 12.49x64b/s] | st=3204, ep=2.7, loss=0.1871, acc=0.9062
[02.28 18:47:10] ┇ INFO     ┇                                 __main__ ┇ (Ep 2.8) training:  77%|███████████████████████       | 899/1172 [03:33<00:13, 20.39x64b/s] | st=3243, ep=2.8, loss=0.1334, acc=0.9531
[02.28 18:47:12] ┇ INFO     ┇                                 __main__ ┇ (Ep 2.8) training:  80%|████████████████████████      | 938/1172 [03:35<00:11, 20.56x64b/s] | st=3282, ep=2.8, loss=0.1746, acc=0.9375
[02.28 18:47:31] ┇ INFO     ┇                                 __main__ ┇ (Ep 2.8) checking:  34%|██████▋             | 131/391 [00:19<00:04, 56.72x64b/s]
[02.28 18:47:32] ┇ INFO     ┇                                 __main__ ┇ (Ep 2.8) checking:  67%|█████████████▎      | 261/391 [00:20<00:01, 82.97x64b/s]
[02.28 18:47:34] ┇ INFO     ┇                                 __main__ ┇ (Ep 2.8) checking: 100%|████████████████████| 391/391 [00:22<00:00, 80.13x64b/s] | st=3282, ep=2.8, val_loss=0.2549, val_acc=0.9078
[02.28 18:47:35] ┇ INFO     ┇                                 __main__ ┇ --- [after-check] -----------------------------------------------------------------------------------------------------------------------
[02.28 18:47:37] ┇ INFO     ┇                                 __main__ ┇ (Ep 2.8) training:  83%|█████████████████████████     | 977/1172 [04:01<00:15, 12.47x64b/s] | st=3321, ep=2.8, loss=0.1180, acc=0.9219
[02.28 18:47:39] ┇ INFO     ┇                                 __main__ ┇ (Ep 2.9) training:  87%|██████████████████████████    | 1016/1172 [04:03<00:07, 20.82x64b/s] | st=3360, ep=2.9, loss=0.1275, acc=0.9531
[02.28 18:47:41] ┇ INFO     ┇                                 __main__ ┇ (Ep 2.9) training:  90%|███████████████████████████   | 1055/1172 [04:05<00:05, 20.86x64b/s] | st=3399, ep=2.9, loss=0.1761, acc=0.9219
[02.28 18:47:59] ┇ INFO     ┇                                 __main__ ┇ (Ep 2.9) checking:  34%|██████▋             | 131/391 [00:18<00:04, 57.47x64b/s]
[02.28 18:48:01] ┇ INFO     ┇                                 __main__ ┇ (Ep 2.9) checking:  67%|█████████████▎      | 261/391 [00:19<00:01, 76.68x64b/s]
[02.28 18:48:03] ┇ INFO     ┇                                 __main__ ┇ (Ep 2.9) checking: 100%|████████████████████| 391/391 [00:21<00:00, 78.76x64b/s] | st=3399, ep=2.9, val_loss=0.2652, val_acc=0.9059
[02.28 18:48:04] ┇ INFO     ┇                                 __main__ ┇ --- [after-check] -----------------------------------------------------------------------------------------------------------------------
[02.28 18:48:06] ┇ INFO     ┇                                 __main__ ┇ (Ep 2.9) training:  93%|████████████████████████████  | 1094/1172 [04:30<00:06, 12.44x64b/s] | st=3438, ep=2.9, loss=0.2336, acc=0.8906
[02.28 18:48:08] ┇ INFO     ┇                                 __main__ ┇ (Ep 3.0) training:  97%|█████████████████████████████ | 1133/1172 [04:32<00:02, 17.42x64b/s] | st=3477, ep=3.0, loss=0.2091, acc=0.9219
[02.28 18:48:10] ┇ INFO     ┇                                 __main__ ┇ (Ep 3.0) training: 100%|██████████████████████████████| 1172/1172 [04:34<00:00, 21.07x64b/s] | st=3516, ep=3.0, loss=0.2024, acc=0.9464
[02.28 18:48:29] ┇ INFO     ┇                                 __main__ ┇ (Ep 3.0) checking:  34%|██████▋             | 131/391 [00:18<00:03, 67.51x64b/s]
[02.28 18:48:30] ┇ INFO     ┇                                 __main__ ┇ (Ep 3.0) checking:  67%|█████████████▎      | 261/391 [00:20<00:01, 80.15x64b/s]
[02.28 18:48:32] ┇ INFO     ┇                                 __main__ ┇ (Ep 3.0) checking: 100%|████████████████████| 391/391 [00:21<00:00, 78.51x64b/s] | st=3516, ep=3.0, val_loss=0.2446, val_acc=0.9091
[02.28 18:48:34] ┇ INFO     ┇                                 __main__ ┇ --- [after-check] -----------------------------------------------------------------------------------------------------------------------
[02.28 18:48:36] ┇ INFO     ┇                                 __main__ ┇ === [after-epoch] =======================================================================================================================
[02.28 18:48:54] ┇ INFO     ┇                                 __main__ ┇ (Ep 3.0)  testing:  34%|██████▋             | 131/391 [00:18<00:03, 68.09x64b/s]
[02.28 18:48:56] ┇ INFO     ┇                                 __main__ ┇ (Ep 3.0)  testing:  67%|█████████████▎      | 261/391 [00:20<00:01, 75.65x64b/s]
[02.28 18:48:57] ┇ INFO     ┇                                 __main__ ┇ (Ep 3.0)  testing: 100%|████████████████████| 391/391 [00:21<00:00, 82.21x64b/s] | st=3516, ep=3.0, test_loss=0.2446, test_acc=0.9091
[02.28 18:48:59] ┇ INFO     ┇                                 __main__ ┇ --- [after-test] ------------------------------------------------------------------------------------------------------------------------
[02.28 18:48:59] ┇ INFO     ┇                                 __main__ ┇ === [after-train_loop] ==================================================================================================================
[02.28 18:48:59] ┇ INFO     ┇                           chrisbase.data ┇ =========================================================================================================================================
[02.28 18:48:59] ┇ INFO     ┇                           chrisbase.data ┇ [EXIT] python /raid/chrisjihee/proj/DeepKNLP-24.01/1-doc-cls-fab.py  ($=00:16:32.329)
[02.28 18:48:59] ┇ INFO     ┇                           chrisbase.data ┇ =========================================================================================================================================

Process finished with exit code 0
