/home/chris/miniforge3/envs/DeepKNLP-24.01/bin/python /home/chris/proj/DeepKNLP-24.01/1-doc-cls-fab.py
[03.06 19:02:57] ┇ INFO     ┇          lightning.fabric.utilities.seed ┇ Seed set to 7
[03.06 19:02:57] ┇ INFO     ┇   lightning.fabric.utilities.distributed ┇ Initializing distributed: GLOBAL_RANK: 0, MEMBER: 1/2
[03.06 19:03:01] ┇ INFO     ┇          lightning.fabric.utilities.seed ┇ [rank: 1] Seed set to 7
[03.06 19:03:01] ┇ INFO     ┇   lightning.fabric.utilities.distributed ┇ Initializing distributed: GLOBAL_RANK: 1, MEMBER: 2/2
[03.06 19:03:02] ┇ INFO     ┇                           chrisbase.data ┇ =========================================================================================================================================
[03.06 19:03:02] ┇ INFO     ┇                           chrisbase.data ┇ [INIT] python /home/chris/proj/DeepKNLP-24.01/1-doc-cls-fab.py
[03.06 19:03:02] ┇ INFO     ┇                           chrisbase.data ┇ =========================================================================================================================================
[03.06 19:03:02] ┇ INFO     ┇                           chrisbase.data ┇ -----+---------------------------------+-------------------------------------------------------------------------------------
[03.06 19:03:02] ┇ INFO     ┇                           chrisbase.data ┇    # | TrainerArguments                | value
[03.06 19:03:02] ┇ INFO     ┇                           chrisbase.data ┇ -----+---------------------------------+-------------------------------------------------------------------------------------
[03.06 19:03:02] ┇ INFO     ┇                           chrisbase.data ┇    1 | tag                             | train
[03.06 19:03:02] ┇ INFO     ┇                           chrisbase.data ┇    2 | env.project                     | DeepKNLP
[03.06 19:03:02] ┇ INFO     ┇                           chrisbase.data ┇    3 | env.job_name                    | KPF-BERT
[03.06 19:03:02] ┇ INFO     ┇                           chrisbase.data ┇    4 | env.hostname                    | chris137
[03.06 19:03:02] ┇ INFO     ┇                           chrisbase.data ┇    5 | env.hostaddr                    | 129.254.164.137
[03.06 19:03:02] ┇ INFO     ┇                           chrisbase.data ┇    6 | env.python_path                 | /home/chris/miniforge3/envs/DeepKNLP-24.01/bin/python
[03.06 19:03:02] ┇ INFO     ┇                           chrisbase.data ┇    7 | env.current_dir                 | /dat/proj/DeepKNLP-24.01
[03.06 19:03:02] ┇ INFO     ┇                           chrisbase.data ┇    8 | env.current_file                | /home/chris/proj/DeepKNLP-24.01/1-doc-cls-fab.py
[03.06 19:03:02] ┇ INFO     ┇                           chrisbase.data ┇    9 | env.working_dir                 | /dat/proj/DeepKNLP-24.01
[03.06 19:03:02] ┇ INFO     ┇                           chrisbase.data ┇   10 | env.command_args                | []
[03.06 19:03:02] ┇ INFO     ┇                           chrisbase.data ┇   11 | env.num_ip_addrs                | 1
[03.06 19:03:02] ┇ INFO     ┇                           chrisbase.data ┇   12 | env.max_workers                 | 1
[03.06 19:03:02] ┇ INFO     ┇                           chrisbase.data ┇   13 | env.output_home                 | /dat/proj/DeepKNLP-24.01/output/nsmc
[03.06 19:03:02] ┇ INFO     ┇                           chrisbase.data ┇   14 | env.logging_file                |
[03.06 19:03:02] ┇ INFO     ┇                           chrisbase.data ┇   15 | env.argument_file               | train-arguments-0306.190256-train.json
[03.06 19:03:02] ┇ INFO     ┇                           chrisbase.data ┇   16 | env.debugging                   | False
[03.06 19:03:02] ┇ INFO     ┇                           chrisbase.data ┇   17 | env.msg_level                   | 20
[03.06 19:03:02] ┇ INFO     ┇                           chrisbase.data ┇   18 | env.msg_format                  | %(asctime)s ┇ %(levelname)-8s ┇ %(name)40s ┇ %(message)s
[03.06 19:03:02] ┇ INFO     ┇                           chrisbase.data ┇   19 | env.date_format                 | [%m.%d %H:%M:%S]
[03.06 19:03:02] ┇ INFO     ┇                           chrisbase.data ┇   20 | env.time_stamp                  | 0306.190256
[03.06 19:03:02] ┇ INFO     ┇                           chrisbase.data ┇   21 | time.started                    | [03.06 19:03:02]
[03.06 19:03:02] ┇ INFO     ┇                           chrisbase.data ┇   22 | time.settled                    |
[03.06 19:03:02] ┇ INFO     ┇                           chrisbase.data ┇   23 | time.elapsed                    |
[03.06 19:03:02] ┇ INFO     ┇                           chrisbase.data ┇   24 | prog.result                     | {}
[03.06 19:03:02] ┇ INFO     ┇                           chrisbase.data ┇   25 | prog.tb_logger                  |
[03.06 19:03:02] ┇ INFO     ┇                           chrisbase.data ┇   26 | prog.csv_logger                 |
[03.06 19:03:02] ┇ INFO     ┇                           chrisbase.data ┇   27 | prog.world_size                 | 2
[03.06 19:03:02] ┇ INFO     ┇                           chrisbase.data ┇   28 | prog.node_rank                  | 0
[03.06 19:03:02] ┇ INFO     ┇                           chrisbase.data ┇   29 | prog.local_rank                 | 0
[03.06 19:03:02] ┇ INFO     ┇                           chrisbase.data ┇   30 | prog.global_rank                | 0
[03.06 19:03:02] ┇ INFO     ┇                           chrisbase.data ┇   31 | prog.global_step                | 0
[03.06 19:03:02] ┇ INFO     ┇                           chrisbase.data ┇   32 | prog.global_epoch               | 0.0
[03.06 19:03:02] ┇ INFO     ┇                           chrisbase.data ┇   33 | data.name                       | nsmc
[03.06 19:03:02] ┇ INFO     ┇                           chrisbase.data ┇   34 | data.home                       | /dat/proj/DeepKNLP-24.01/data
[03.06 19:03:02] ┇ INFO     ┇                           chrisbase.data ┇   35 | data.files                      | {'train': 'ratings_train.txt', 'valid': 'ratings_test.txt', 'test': None}
[03.06 19:03:02] ┇ INFO     ┇                           chrisbase.data ┇   36 | data.caching                    | False
[03.06 19:03:02] ┇ INFO     ┇                           chrisbase.data ┇   37 | data.redownload                 | False
[03.06 19:03:02] ┇ INFO     ┇                           chrisbase.data ┇   38 | data.num_check                  | 2
[03.06 19:03:02] ┇ INFO     ┇                           chrisbase.data ┇   39 | model.pretrained                | pretrained/KPF-BERT
[03.06 19:03:02] ┇ INFO     ┇                           chrisbase.data ┇   40 | model.home                      | /dat/proj/DeepKNLP-24.01/output
[03.06 19:03:02] ┇ INFO     ┇                           chrisbase.data ┇   41 | model.name                      | {ep:3.1f}, {val_loss:06.4f}, {val_acc:06.4f}
[03.06 19:03:02] ┇ INFO     ┇                           chrisbase.data ┇   42 | model.seq_len                   | 64
[03.06 19:03:02] ┇ INFO     ┇                           chrisbase.data ┇   43 | hardware.cpu_workers            | 32
[03.06 19:03:02] ┇ INFO     ┇                           chrisbase.data ┇   44 | hardware.accelerator            | gpu
[03.06 19:03:02] ┇ INFO     ┇                           chrisbase.data ┇   45 | hardware.batch_size             | 64
[03.06 19:03:02] ┇ INFO     ┇                           chrisbase.data ┇   46 | hardware.precision              | 16-mixed
[03.06 19:03:02] ┇ INFO     ┇                           chrisbase.data ┇   47 | hardware.strategy               | auto
[03.06 19:03:02] ┇ INFO     ┇                           chrisbase.data ┇   48 | hardware.devices                | [0, 1]
[03.06 19:03:02] ┇ INFO     ┇                           chrisbase.data ┇   49 | learning.seed                   | 7
[03.06 19:03:02] ┇ INFO     ┇                           chrisbase.data ┇   50 | learning.learning_rate          | 5e-05
[03.06 19:03:02] ┇ INFO     ┇                           chrisbase.data ┇   51 | learning.saving_policy          | max val_acc
[03.06 19:03:02] ┇ INFO     ┇                           chrisbase.data ┇   52 | learning.num_saving             | 3
[03.06 19:03:02] ┇ INFO     ┇                           chrisbase.data ┇   53 | learning.num_epochs             | 3
[03.06 19:03:02] ┇ INFO     ┇                           chrisbase.data ┇   54 | learning.check_rate_on_training | 0.1
[03.06 19:03:02] ┇ INFO     ┇                           chrisbase.data ┇   55 | learning.print_rate_on_training | 0.03333333333333333
[03.06 19:03:02] ┇ INFO     ┇                           chrisbase.data ┇   56 | learning.print_rate_on_validate | 0.3333333333333333
[03.06 19:03:02] ┇ INFO     ┇                           chrisbase.data ┇   57 | learning.print_rate_on_evaluate | 0.3333333333333333
[03.06 19:03:02] ┇ INFO     ┇                           chrisbase.data ┇   58 | learning.print_step_on_training | -1
[03.06 19:03:02] ┇ INFO     ┇                           chrisbase.data ┇   59 | learning.print_step_on_validate | -1
[03.06 19:03:02] ┇ INFO     ┇                           chrisbase.data ┇   60 | learning.print_step_on_evaluate | -1
[03.06 19:03:02] ┇ INFO     ┇                           chrisbase.data ┇   61 | learning.tag_format_on_training | st={step:d}, ep={epoch:.1f}, loss={loss:06.4f}, acc={acc:06.4f}
[03.06 19:03:02] ┇ INFO     ┇                           chrisbase.data ┇   62 | learning.tag_format_on_validate | st={step:d}, ep={epoch:.1f}, val_loss={val_loss:06.4f}, val_acc={val_acc:06.4f}
[03.06 19:03:02] ┇ INFO     ┇                           chrisbase.data ┇   63 | learning.tag_format_on_evaluate | st={step:d}, ep={epoch:.1f}, test_loss={test_loss:06.4f}, test_acc={test_acc:06.4f}
[03.06 19:03:02] ┇ INFO     ┇                           chrisbase.data ┇ -----+---------------------------------+-------------------------------------------------------------------------------------
[03.06 19:03:02] ┇ WARNING  ┇              transformers.modeling_utils ┇ Some weights of BertForSequenceClassification were not initialized from the model checkpoint at pretrained/KPF-BERT and are newly initialized: ['bert.pooler.dense.bias', 'bert.pooler.dense.weight', 'classifier.bias', 'classifier.weight']
You should probably TRAIN this model on a down-stream task to be able to use it for predictions and inference.
[03.06 19:03:02] ┇ WARNING  ┇              transformers.modeling_utils ┇ Some weights of BertForSequenceClassification were not initialized from the model checkpoint at pretrained/KPF-BERT and are newly initialized: ['bert.pooler.dense.bias', 'bert.pooler.dense.weight', 'classifier.bias', 'classifier.weight']
You should probably TRAIN this model on a down-stream task to be able to use it for predictions and inference.
[03.06 19:03:04] ┇ INFO     ┇                                 __main__ ┇ === [after-model] =======================================================================================================================
[03.06 19:03:04] ┇ INFO     ┇                       nlpbook.cls.corpus ┇ Creating features from /dat/proj/DeepKNLP-24.01/data/nsmc/ratings_train.txt
[03.06 19:03:04] ┇ INFO     ┇                       nlpbook.cls.corpus ┇ Loaded 150000 examples from /dat/proj/DeepKNLP-24.01/data/nsmc/ratings_train.txt
[03.06 19:03:15] ┇ INFO     ┇                       nlpbook.cls.corpus ┇   === [Example 1] ===
[03.06 19:03:15] ┇ INFO     ┇                       nlpbook.cls.corpus ┇   = sentence : 아 더빙.. 진짜 짜증나네요 목소리
[03.06 19:03:15] ┇ INFO     ┇                       nlpbook.cls.corpus ┇   = tokens   : [CLS] 아 더 ##빙 . . 진짜 짜증 ##나 ##네 ##요 목소리 [SEP] [PAD] [PAD] [PAD] [PAD] [PAD] [PAD] [PAD] [PAD] [PAD] [PAD] [PAD] [PAD] [PAD] [PAD] [PAD] [PAD] [PAD] [PAD] [PAD] [PAD] [PAD] [PAD] [PAD] [PAD] [PAD] [PAD] [PAD] [PAD] [PAD] [PAD] [PAD] [PAD] [PAD] [PAD] [PAD] [PAD] [PAD] [PAD] [PAD] [PAD] [PAD] [PAD] [PAD] [PAD] [PAD] [PAD] [PAD] [PAD] [PAD] [PAD] [PAD]
[03.06 19:03:15] ┇ INFO     ┇                       nlpbook.cls.corpus ┇   = label    : 0
[03.06 19:03:15] ┇ INFO     ┇                       nlpbook.cls.corpus ┇   = features : ClassificationFeatures(input_ids=[2, 3579, 2914, 5236, 518, 518, 7496, 13611, 4773, 5142, 4672, 7484, 3, 0, 0, 0, 0, 0, 0, 0, 0, 0, 0, 0, 0, 0, 0, 0, 0, 0, 0, 0, 0, 0, 0, 0, 0, 0, 0, 0, 0, 0, 0, 0, 0, 0, 0, 0, 0, 0, 0, 0, 0, 0, 0, 0, 0, 0, 0, 0, 0, 0, 0, 0], attention_mask=[1, 1, 1, 1, 1, 1, 1, 1, 1, 1, 1, 1, 1, 0, 0, 0, 0, 0, 0, 0, 0, 0, 0, 0, 0, 0, 0, 0, 0, 0, 0, 0, 0, 0, 0, 0, 0, 0, 0, 0, 0, 0, 0, 0, 0, 0, 0, 0, 0, 0, 0, 0, 0, 0, 0, 0, 0, 0, 0, 0, 0, 0, 0, 0], token_type_ids=[0, 0, 0, 0, 0, 0, 0, 0, 0, 0, 0, 0, 0, 0, 0, 0, 0, 0, 0, 0, 0, 0, 0, 0, 0, 0, 0, 0, 0, 0, 0, 0, 0, 0, 0, 0, 0, 0, 0, 0, 0, 0, 0, 0, 0, 0, 0, 0, 0, 0, 0, 0, 0, 0, 0, 0, 0, 0, 0, 0, 0, 0, 0, 0], label=0)
[03.06 19:03:15] ┇ INFO     ┇                       nlpbook.cls.corpus ┇   ===
[03.06 19:03:15] ┇ INFO     ┇                       nlpbook.cls.corpus ┇   === [Example 2] ===
[03.06 19:03:15] ┇ INFO     ┇                       nlpbook.cls.corpus ┇   = sentence : 흠...포스터보고 초딩영화줄....오버연기조차 가볍지 않구나
[03.06 19:03:15] ┇ INFO     ┇                       nlpbook.cls.corpus ┇   = tokens   : [CLS] 흠 . . . 포스터 ##보 ##고 초 ##딩 ##영화 ##줄 . . . . 오버 ##연 ##기 ##조 ##차 가볍 ##지 않 ##구나 [SEP] [PAD] [PAD] [PAD] [PAD] [PAD] [PAD] [PAD] [PAD] [PAD] [PAD] [PAD] [PAD] [PAD] [PAD] [PAD] [PAD] [PAD] [PAD] [PAD] [PAD] [PAD] [PAD] [PAD] [PAD] [PAD] [PAD] [PAD] [PAD] [PAD] [PAD] [PAD] [PAD] [PAD] [PAD] [PAD] [PAD] [PAD] [PAD]
[03.06 19:03:15] ┇ INFO     ┇                       nlpbook.cls.corpus ┇   = label    : 1
[03.06 19:03:15] ┇ INFO     ┇                       nlpbook.cls.corpus ┇   = features : ClassificationFeatures(input_ids=[2, 4326, 518, 518, 518, 15104, 4557, 4658, 3947, 5051, 20088, 5202, 518, 518, 518, 518, 13422, 4855, 4655, 4872, 4966, 10181, 4760, 3583, 9507, 3, 0, 0, 0, 0, 0, 0, 0, 0, 0, 0, 0, 0, 0, 0, 0, 0, 0, 0, 0, 0, 0, 0, 0, 0, 0, 0, 0, 0, 0, 0, 0, 0, 0, 0, 0, 0, 0, 0], attention_mask=[1, 1, 1, 1, 1, 1, 1, 1, 1, 1, 1, 1, 1, 1, 1, 1, 1, 1, 1, 1, 1, 1, 1, 1, 1, 1, 0, 0, 0, 0, 0, 0, 0, 0, 0, 0, 0, 0, 0, 0, 0, 0, 0, 0, 0, 0, 0, 0, 0, 0, 0, 0, 0, 0, 0, 0, 0, 0, 0, 0, 0, 0, 0, 0], token_type_ids=[0, 0, 0, 0, 0, 0, 0, 0, 0, 0, 0, 0, 0, 0, 0, 0, 0, 0, 0, 0, 0, 0, 0, 0, 0, 0, 0, 0, 0, 0, 0, 0, 0, 0, 0, 0, 0, 0, 0, 0, 0, 0, 0, 0, 0, 0, 0, 0, 0, 0, 0, 0, 0, 0, 0, 0, 0, 0, 0, 0, 0, 0, 0, 0], label=1)
[03.06 19:03:15] ┇ INFO     ┇                       nlpbook.cls.corpus ┇   ===
[03.06 19:03:15] ┇ INFO     ┇                       nlpbook.cls.corpus ┇ Converted 150000 raw examples to 150000 encoded examples
[03.06 19:03:16] ┇ INFO     ┇                                 __main__ ┇ Created train_dataset providing 150000 examples
[03.06 19:03:16] ┇ INFO     ┇                                 __main__ ┇ Created train_dataloader providing 2344 batches
[03.06 19:03:17] ┇ INFO     ┇                                 __main__ ┇ === [after-train_dataloader] ============================================================================================================
[03.06 19:03:17] ┇ INFO     ┇                       nlpbook.cls.corpus ┇ Creating features from /dat/proj/DeepKNLP-24.01/data/nsmc/ratings_test.txt
[03.06 19:03:17] ┇ INFO     ┇                       nlpbook.cls.corpus ┇ Loaded 50000 examples from /dat/proj/DeepKNLP-24.01/data/nsmc/ratings_test.txt
[03.06 19:03:21] ┇ INFO     ┇                       nlpbook.cls.corpus ┇   === [Example 1] ===
[03.06 19:03:21] ┇ INFO     ┇                       nlpbook.cls.corpus ┇   = sentence : 굳 ㅋ
[03.06 19:03:21] ┇ INFO     ┇                       nlpbook.cls.corpus ┇   = tokens   : [CLS] 굳 ㅋ [SEP] [PAD] [PAD] [PAD] [PAD] [PAD] [PAD] [PAD] [PAD] [PAD] [PAD] [PAD] [PAD] [PAD] [PAD] [PAD] [PAD] [PAD] [PAD] [PAD] [PAD] [PAD] [PAD] [PAD] [PAD] [PAD] [PAD] [PAD] [PAD] [PAD] [PAD] [PAD] [PAD] [PAD] [PAD] [PAD] [PAD] [PAD] [PAD] [PAD] [PAD] [PAD] [PAD] [PAD] [PAD] [PAD] [PAD] [PAD] [PAD] [PAD] [PAD] [PAD] [PAD] [PAD] [PAD] [PAD] [PAD] [PAD] [PAD] [PAD] [PAD]
[03.06 19:03:21] ┇ INFO     ┇                       nlpbook.cls.corpus ┇   = label    : 1
[03.06 19:03:21] ┇ INFO     ┇                       nlpbook.cls.corpus ┇   = features : ClassificationFeatures(input_ids=[2, 2653, 956, 3, 0, 0, 0, 0, 0, 0, 0, 0, 0, 0, 0, 0, 0, 0, 0, 0, 0, 0, 0, 0, 0, 0, 0, 0, 0, 0, 0, 0, 0, 0, 0, 0, 0, 0, 0, 0, 0, 0, 0, 0, 0, 0, 0, 0, 0, 0, 0, 0, 0, 0, 0, 0, 0, 0, 0, 0, 0, 0, 0, 0], attention_mask=[1, 1, 1, 1, 0, 0, 0, 0, 0, 0, 0, 0, 0, 0, 0, 0, 0, 0, 0, 0, 0, 0, 0, 0, 0, 0, 0, 0, 0, 0, 0, 0, 0, 0, 0, 0, 0, 0, 0, 0, 0, 0, 0, 0, 0, 0, 0, 0, 0, 0, 0, 0, 0, 0, 0, 0, 0, 0, 0, 0, 0, 0, 0, 0], token_type_ids=[0, 0, 0, 0, 0, 0, 0, 0, 0, 0, 0, 0, 0, 0, 0, 0, 0, 0, 0, 0, 0, 0, 0, 0, 0, 0, 0, 0, 0, 0, 0, 0, 0, 0, 0, 0, 0, 0, 0, 0, 0, 0, 0, 0, 0, 0, 0, 0, 0, 0, 0, 0, 0, 0, 0, 0, 0, 0, 0, 0, 0, 0, 0, 0], label=1)
[03.06 19:03:21] ┇ INFO     ┇                       nlpbook.cls.corpus ┇   ===
[03.06 19:03:21] ┇ INFO     ┇                       nlpbook.cls.corpus ┇   === [Example 2] ===
[03.06 19:03:21] ┇ INFO     ┇                       nlpbook.cls.corpus ┇   = sentence : GDNTOPCLASSINTHECLUB
[03.06 19:03:21] ┇ INFO     ┇                       nlpbook.cls.corpus ┇   = tokens   : [CLS] GD ##NT ##O ##P ##C ##LA ##SS ##IN ##T ##H ##EC ##L ##U ##B [SEP] [PAD] [PAD] [PAD] [PAD] [PAD] [PAD] [PAD] [PAD] [PAD] [PAD] [PAD] [PAD] [PAD] [PAD] [PAD] [PAD] [PAD] [PAD] [PAD] [PAD] [PAD] [PAD] [PAD] [PAD] [PAD] [PAD] [PAD] [PAD] [PAD] [PAD] [PAD] [PAD] [PAD] [PAD] [PAD] [PAD] [PAD] [PAD] [PAD] [PAD] [PAD] [PAD] [PAD] [PAD] [PAD] [PAD] [PAD] [PAD]
[03.06 19:03:21] ┇ INFO     ┇                       nlpbook.cls.corpus ┇   = label    : 0
[03.06 19:03:21] ┇ INFO     ┇                       nlpbook.cls.corpus ┇   = features : ClassificationFeatures(input_ids=[2, 35940, 29794, 4561, 4562, 4529, 21569, 33254, 15203, 4720, 4783, 10502, 4651, 4840, 4563, 3, 0, 0, 0, 0, 0, 0, 0, 0, 0, 0, 0, 0, 0, 0, 0, 0, 0, 0, 0, 0, 0, 0, 0, 0, 0, 0, 0, 0, 0, 0, 0, 0, 0, 0, 0, 0, 0, 0, 0, 0, 0, 0, 0, 0, 0, 0, 0, 0], attention_mask=[1, 1, 1, 1, 1, 1, 1, 1, 1, 1, 1, 1, 1, 1, 1, 1, 0, 0, 0, 0, 0, 0, 0, 0, 0, 0, 0, 0, 0, 0, 0, 0, 0, 0, 0, 0, 0, 0, 0, 0, 0, 0, 0, 0, 0, 0, 0, 0, 0, 0, 0, 0, 0, 0, 0, 0, 0, 0, 0, 0, 0, 0, 0, 0], token_type_ids=[0, 0, 0, 0, 0, 0, 0, 0, 0, 0, 0, 0, 0, 0, 0, 0, 0, 0, 0, 0, 0, 0, 0, 0, 0, 0, 0, 0, 0, 0, 0, 0, 0, 0, 0, 0, 0, 0, 0, 0, 0, 0, 0, 0, 0, 0, 0, 0, 0, 0, 0, 0, 0, 0, 0, 0, 0, 0, 0, 0, 0, 0, 0, 0], label=0)
[03.06 19:03:21] ┇ INFO     ┇                       nlpbook.cls.corpus ┇   ===
[03.06 19:03:21] ┇ INFO     ┇                       nlpbook.cls.corpus ┇ Converted 50000 raw examples to 50000 encoded examples
[03.06 19:03:22] ┇ INFO     ┇                                 __main__ ┇ Created val_dataset providing 50000 examples
[03.06 19:03:22] ┇ INFO     ┇                                 __main__ ┇ Created val_dataloader providing 782 batches
[03.06 19:03:22] ┇ INFO     ┇                                 __main__ ┇ === [after-val_dataloader] ==============================================================================================================
[03.06 19:03:28] ┇ INFO     ┇                                 __main__ ┇ (Ep 0.0) training:   3%|█                             | 40/1172 [00:06<02:16,  8.27x64b/s] | st=40, ep=0.0, loss=0.3056, acc=0.8750
[03.06 19:03:33] ┇ INFO     ┇                                 __main__ ┇ (Ep 0.1) training:   7%|██                            | 79/1172 [00:11<02:13,  8.18x64b/s] | st=79, ep=0.1, loss=0.4246, acc=0.7969
[03.06 19:03:38] ┇ INFO     ┇                                 __main__ ┇ (Ep 0.1) training:  10%|███                           | 118/1172 [00:16<02:09,  8.11x64b/s] | st=118, ep=0.1, loss=0.3292, acc=0.8438
[03.06 19:03:42] ┇ INFO     ┇                                 __main__ ┇ (Ep 0.1) checking:  34%|██████▋             | 131/391 [00:04<00:06, 40.59x64b/s]
[03.06 19:03:45] ┇ INFO     ┇                                 __main__ ┇ (Ep 0.1) checking:  67%|█████████████▎      | 261/391 [00:07<00:03, 40.64x64b/s]
[03.06 19:03:49] ┇ INFO     ┇                                 __main__ ┇ (Ep 0.1) checking: 100%|████████████████████| 391/391 [00:10<00:00, 40.75x64b/s] | st=118, ep=0.1, val_loss=0.3031, val_acc=0.8761
[03.06 19:03:50] ┇ INFO     ┇                                 __main__ ┇ --- [after-check] -----------------------------------------------------------------------------------------------------------------------
[03.06 19:03:55] ┇ INFO     ┇                                 __main__ ┇ (Ep 0.1) training:  13%|████                          | 157/1172 [00:33<02:08,  7.93x64b/s] | st=157, ep=0.1, loss=0.2800, acc=0.8438
[03.06 19:04:00] ┇ INFO     ┇                                 __main__ ┇ (Ep 0.2) training:  17%|█████                         | 196/1172 [00:38<02:05,  7.81x64b/s] | st=196, ep=0.2, loss=0.2497, acc=0.8906
[03.06 19:04:05] ┇ INFO     ┇                                 __main__ ┇ (Ep 0.2) training:  20%|██████                        | 235/1172 [00:43<01:59,  7.86x64b/s] | st=235, ep=0.2, loss=0.2099, acc=0.9062
[03.06 19:04:09] ┇ INFO     ┇                                 __main__ ┇ (Ep 0.2) checking:  34%|██████▋             | 131/391 [00:04<00:06, 39.95x64b/s]
[03.06 19:04:13] ┇ INFO     ┇                                 __main__ ┇ (Ep 0.2) checking:  67%|█████████████▎      | 261/391 [00:07<00:03, 40.13x64b/s]
[03.06 19:04:16] ┇ INFO     ┇                                 __main__ ┇ (Ep 0.2) checking: 100%|████████████████████| 391/391 [00:10<00:00, 40.86x64b/s] | st=235, ep=0.2, val_loss=0.2785, val_acc=0.8840
[03.06 19:04:19] ┇ INFO     ┇                                 __main__ ┇ --- [after-check] -----------------------------------------------------------------------------------------------------------------------
[03.06 19:04:24] ┇ INFO     ┇                                 __main__ ┇ (Ep 0.2) training:  23%|███████                       | 274/1172 [01:02<01:56,  7.73x64b/s] | st=274, ep=0.2, loss=0.3125, acc=0.8906
[03.06 19:04:29] ┇ INFO     ┇                                 __main__ ┇ (Ep 0.3) training:  27%|████████                      | 313/1172 [01:07<01:50,  7.79x64b/s] | st=313, ep=0.3, loss=0.3204, acc=0.8594
[03.06 19:04:34] ┇ INFO     ┇                                 __main__ ┇ (Ep 0.3) training:  30%|█████████                     | 352/1172 [01:12<01:47,  7.66x64b/s] | st=352, ep=0.3, loss=0.3838, acc=0.7969
[03.06 19:04:38] ┇ INFO     ┇                                 __main__ ┇ (Ep 0.3) checking:  34%|██████▋             | 131/391 [00:04<00:06, 39.55x64b/s]
[03.06 19:04:41] ┇ INFO     ┇                                 __main__ ┇ (Ep 0.3) checking:  67%|█████████████▎      | 261/391 [00:07<00:03, 40.21x64b/s]
[03.06 19:04:45] ┇ INFO     ┇                                 __main__ ┇ (Ep 0.3) checking: 100%|████████████████████| 391/391 [00:10<00:00, 40.29x64b/s] | st=352, ep=0.3, val_loss=0.2659, val_acc=0.8926
[03.06 19:04:47] ┇ INFO     ┇                                 __main__ ┇ --- [after-check] -----------------------------------------------------------------------------------------------------------------------
[03.06 19:04:52] ┇ INFO     ┇                                 __main__ ┇ (Ep 0.3) training:  33%|██████████                    | 391/1172 [01:30<01:42,  7.63x64b/s] | st=391, ep=0.3, loss=0.2243, acc=0.9062
[03.06 19:04:58] ┇ INFO     ┇                                 __main__ ┇ (Ep 0.4) training:  37%|███████████                   | 430/1172 [01:36<01:38,  7.51x64b/s] | st=430, ep=0.4, loss=0.2921, acc=0.9062
[03.06 19:05:03] ┇ INFO     ┇                                 __main__ ┇ (Ep 0.4) training:  40%|████████████                  | 469/1172 [01:41<01:35,  7.37x64b/s] | st=469, ep=0.4, loss=0.4197, acc=0.8594
[03.06 19:05:07] ┇ INFO     ┇                                 __main__ ┇ (Ep 0.4) checking:  34%|██████▋             | 131/391 [00:04<00:06, 39.97x64b/s]
[03.06 19:05:11] ┇ INFO     ┇                                 __main__ ┇ (Ep 0.4) checking:  67%|█████████████▎      | 261/391 [00:07<00:03, 39.61x64b/s]
[03.06 19:05:14] ┇ INFO     ┇                                 __main__ ┇ (Ep 0.4) checking: 100%|████████████████████| 391/391 [00:10<00:00, 40.27x64b/s] | st=469, ep=0.4, val_loss=0.2794, val_acc=0.8898
[03.06 19:05:17] ┇ INFO     ┇                                 __main__ ┇ --- [after-check] -----------------------------------------------------------------------------------------------------------------------
[03.06 19:05:22] ┇ INFO     ┇                                 __main__ ┇ (Ep 0.4) training:  43%|█████████████                 | 508/1172 [02:00<01:29,  7.43x64b/s] | st=508, ep=0.4, loss=0.1593, acc=0.9531
[03.06 19:05:28] ┇ INFO     ┇                                 __main__ ┇ (Ep 0.5) training:  47%|██████████████                | 547/1172 [02:05<01:24,  7.41x64b/s] | st=547, ep=0.5, loss=0.2645, acc=0.9219
[03.06 19:05:33] ┇ INFO     ┇                                 __main__ ┇ (Ep 0.5) training:  50%|███████████████               | 586/1172 [02:11<01:18,  7.44x64b/s] | st=586, ep=0.5, loss=0.2543, acc=0.8906
[03.06 19:05:37] ┇ INFO     ┇                                 __main__ ┇ (Ep 0.5) checking:  34%|██████▋             | 131/391 [00:04<00:06, 40.05x64b/s]
[03.06 19:05:40] ┇ INFO     ┇                                 __main__ ┇ (Ep 0.5) checking:  67%|█████████████▎      | 261/391 [00:07<00:03, 40.05x64b/s]
[03.06 19:05:44] ┇ INFO     ┇                                 __main__ ┇ (Ep 0.5) checking: 100%|████████████████████| 391/391 [00:10<00:00, 40.12x64b/s] | st=586, ep=0.5, val_loss=0.2547, val_acc=0.8941
[03.06 19:05:48] ┇ INFO     ┇                                 __main__ ┇ --- [after-check] -----------------------------------------------------------------------------------------------------------------------
[03.06 19:05:53] ┇ INFO     ┇                                 __main__ ┇ (Ep 0.5) training:  53%|████████████████              | 626/1172 [02:31<01:13,  7.44x64b/s] | st=626, ep=0.5, loss=0.2940, acc=0.8906
[03.06 19:05:59] ┇ INFO     ┇                                 __main__ ┇ (Ep 0.6) training:  57%|█████████████████             | 665/1172 [02:36<01:12,  7.02x64b/s] | st=665, ep=0.6, loss=0.2254, acc=0.9062
[03.06 19:06:04] ┇ INFO     ┇                                 __main__ ┇ (Ep 0.6) training:  60%|██████████████████            | 704/1172 [02:42<01:06,  7.07x64b/s] | st=704, ep=0.6, loss=0.3040, acc=0.8750
[03.06 19:06:08] ┇ INFO     ┇                                 __main__ ┇ (Ep 0.6) checking:  34%|██████▋             | 131/391 [00:04<00:06, 39.85x64b/s]
[03.06 19:06:11] ┇ INFO     ┇                                 __main__ ┇ (Ep 0.6) checking:  67%|█████████████▎      | 261/391 [00:07<00:03, 39.50x64b/s]
[03.06 19:06:15] ┇ INFO     ┇                                 __main__ ┇ (Ep 0.6) checking: 100%|████████████████████| 391/391 [00:10<00:00, 39.40x64b/s] | st=704, ep=0.6, val_loss=0.2578, val_acc=0.8981
[03.06 19:06:19] ┇ INFO     ┇                                 __main__ ┇ --- [after-check] -----------------------------------------------------------------------------------------------------------------------
[03.06 19:06:24] ┇ INFO     ┇                                 __main__ ┇ (Ep 0.6) training:  63%|███████████████████           | 743/1172 [03:02<00:59,  7.25x64b/s] | st=743, ep=0.6, loss=0.2361, acc=0.8906
[03.06 19:06:30] ┇ INFO     ┇                                 __main__ ┇ (Ep 0.7) training:  67%|████████████████████          | 782/1172 [03:08<00:53,  7.24x64b/s] | st=782, ep=0.7, loss=0.2361, acc=0.8750
[03.06 19:06:35] ┇ INFO     ┇                                 __main__ ┇ (Ep 0.7) training:  70%|█████████████████████         | 821/1172 [03:13<00:48,  7.28x64b/s] | st=821, ep=0.7, loss=0.3288, acc=0.8125
[03.06 19:06:39] ┇ INFO     ┇                                 __main__ ┇ (Ep 0.7) checking:  34%|██████▋             | 131/391 [00:04<00:06, 39.49x64b/s]
[03.06 19:06:43] ┇ INFO     ┇                                 __main__ ┇ (Ep 0.7) checking:  67%|█████████████▎      | 261/391 [00:07<00:03, 39.34x64b/s]
[03.06 19:06:46] ┇ INFO     ┇                                 __main__ ┇ (Ep 0.7) checking: 100%|████████████████████| 391/391 [00:10<00:00, 40.02x64b/s] | st=821, ep=0.7, val_loss=0.2541, val_acc=0.8967
[03.06 19:06:50] ┇ INFO     ┇                                 __main__ ┇ --- [after-check] -----------------------------------------------------------------------------------------------------------------------
[03.06 19:06:56] ┇ INFO     ┇                                 __main__ ┇ (Ep 0.7) training:  73%|██████████████████████        | 860/1172 [03:34<00:42,  7.28x64b/s] | st=860, ep=0.7, loss=0.2264, acc=0.8906
[03.06 19:07:01] ┇ INFO     ┇                                 __main__ ┇ (Ep 0.8) training:  77%|███████████████████████       | 899/1172 [03:39<00:36,  7.48x64b/s] | st=899, ep=0.8, loss=0.2139, acc=0.9062
[03.06 19:07:07] ┇ INFO     ┇                                 __main__ ┇ (Ep 0.8) training:  80%|████████████████████████      | 938/1172 [03:45<00:47,  4.88x64b/s] | st=938, ep=0.8, loss=0.2235, acc=0.9219
[03.06 19:07:11] ┇ INFO     ┇                                 __main__ ┇ (Ep 0.8) checking:  34%|██████▋             | 131/391 [00:04<00:06, 39.55x64b/s]
[03.06 19:07:14] ┇ INFO     ┇                                 __main__ ┇ (Ep 0.8) checking:  67%|█████████████▎      | 261/391 [00:07<00:03, 39.68x64b/s]
[03.06 19:07:18] ┇ INFO     ┇                                 __main__ ┇ (Ep 0.8) checking: 100%|████████████████████| 391/391 [00:10<00:00, 39.96x64b/s] | st=938, ep=0.8, val_loss=0.2485, val_acc=0.8988
[03.06 19:07:22] ┇ INFO     ┇                                 __main__ ┇ --- [after-check] -----------------------------------------------------------------------------------------------------------------------
[03.06 19:07:28] ┇ INFO     ┇                                 __main__ ┇ (Ep 0.8) training:  83%|█████████████████████████     | 977/1172 [04:06<00:27,  7.12x64b/s] | st=977, ep=0.8, loss=0.2309, acc=0.9219
[03.06 19:07:33] ┇ INFO     ┇                                 __main__ ┇ (Ep 0.9) training:  87%|██████████████████████████    | 1016/1172 [04:11<00:21,  7.11x64b/s] | st=1016, ep=0.9, loss=0.2045, acc=0.9062
[03.06 19:07:39] ┇ INFO     ┇                                 __main__ ┇ (Ep 0.9) training:  90%|███████████████████████████   | 1055/1172 [04:17<00:16,  7.16x64b/s] | st=1055, ep=0.9, loss=0.1641, acc=0.9375
[03.06 19:07:43] ┇ INFO     ┇                                 __main__ ┇ (Ep 0.9) checking:  34%|██████▋             | 131/391 [00:04<00:06, 39.60x64b/s]
[03.06 19:07:47] ┇ INFO     ┇                                 __main__ ┇ (Ep 0.9) checking:  67%|█████████████▎      | 261/391 [00:07<00:03, 39.33x64b/s]
[03.06 19:07:50] ┇ INFO     ┇                                 __main__ ┇ (Ep 0.9) checking: 100%|████████████████████| 391/391 [00:10<00:00, 39.77x64b/s] | st=1055, ep=0.9, val_loss=0.2394, val_acc=0.9054
[03.06 19:07:55] ┇ INFO     ┇                                 __main__ ┇ --- [after-check] -----------------------------------------------------------------------------------------------------------------------
[03.06 19:08:01] ┇ INFO     ┇                                 __main__ ┇ (Ep 0.9) training:  93%|████████████████████████████  | 1094/1172 [04:39<00:10,  7.18x64b/s] | st=1094, ep=0.9, loss=0.2873, acc=0.9062
[03.06 19:08:06] ┇ INFO     ┇                                 __main__ ┇ (Ep 1.0) training:  97%|█████████████████████████████ | 1133/1172 [04:44<00:05,  7.19x64b/s] | st=1133, ep=1.0, loss=0.1346, acc=0.9219
[03.06 19:08:12] ┇ INFO     ┇                                 __main__ ┇ (Ep 1.0) training: 100%|██████████████████████████████| 1172/1172 [04:50<00:00,  7.48x64b/s] | st=1172, ep=1.0, loss=0.1659, acc=0.9464
[03.06 19:08:17] ┇ INFO     ┇                                 __main__ ┇ (Ep 1.0) checking:  34%|██████▋             | 131/391 [00:04<00:06, 39.46x64b/s]
[03.06 19:08:20] ┇ INFO     ┇                                 __main__ ┇ (Ep 1.0) checking:  67%|█████████████▎      | 261/391 [00:07<00:03, 39.34x64b/s]
[03.06 19:08:23] ┇ INFO     ┇                                 __main__ ┇ (Ep 1.0) checking: 100%|████████████████████| 391/391 [00:10<00:00, 39.57x64b/s] | st=1172, ep=1.0, val_loss=0.2415, val_acc=0.9075
[03.06 19:08:29] ┇ INFO     ┇                                 __main__ ┇ --- [after-check] -----------------------------------------------------------------------------------------------------------------------
[03.06 19:08:29] ┇ INFO     ┇                                 __main__ ┇ === [after-epoch] =======================================================================================================================
[03.06 19:08:36] ┇ INFO     ┇                                 __main__ ┇ (Ep 1.0) training:   3%|█                             | 40/1172 [00:06<02:39,  7.10x64b/s] | st=1212, ep=1.0, loss=0.1627, acc=0.9219
[03.06 19:08:41] ┇ INFO     ┇                                 __main__ ┇ (Ep 1.1) training:   7%|██                            | 79/1172 [00:12<02:32,  7.19x64b/s] | st=1251, ep=1.1, loss=0.1961, acc=0.9219
[03.06 19:08:47] ┇ INFO     ┇                                 __main__ ┇ (Ep 1.1) training:  10%|███                           | 118/1172 [00:17<02:27,  7.15x64b/s] | st=1290, ep=1.1, loss=0.1692, acc=0.9375
[03.06 19:08:51] ┇ INFO     ┇                                 __main__ ┇ (Ep 1.1) checking:  34%|██████▋             | 131/391 [00:04<00:06, 39.40x64b/s]
[03.06 19:08:55] ┇ INFO     ┇                                 __main__ ┇ (Ep 1.1) checking:  67%|█████████████▎      | 261/391 [00:07<00:03, 39.23x64b/s]
[03.06 19:08:58] ┇ INFO     ┇                                 __main__ ┇ (Ep 1.1) checking: 100%|████████████████████| 391/391 [00:10<00:00, 39.39x64b/s] | st=1290, ep=1.1, val_loss=0.2384, val_acc=0.9034
[03.06 19:09:03] ┇ INFO     ┇                                 __main__ ┇ --- [after-check] -----------------------------------------------------------------------------------------------------------------------
[03.06 19:09:09] ┇ INFO     ┇                                 __main__ ┇ (Ep 1.1) training:  13%|████                          | 157/1172 [00:39<02:17,  7.37x64b/s] | st=1329, ep=1.1, loss=0.1432, acc=0.9219
[03.06 19:09:15] ┇ INFO     ┇                                 __main__ ┇ (Ep 1.2) training:  17%|█████                         | 196/1172 [00:45<02:16,  7.14x64b/s] | st=1368, ep=1.2, loss=0.1437, acc=0.9375
[03.06 19:09:20] ┇ INFO     ┇                                 __main__ ┇ (Ep 1.2) training:  20%|██████                        | 235/1172 [00:50<02:11,  7.10x64b/s] | st=1407, ep=1.2, loss=0.2350, acc=0.8594
[03.06 19:09:24] ┇ INFO     ┇                                 __main__ ┇ (Ep 1.2) checking:  34%|██████▋             | 131/391 [00:04<00:06, 39.29x64b/s]
[03.06 19:09:28] ┇ INFO     ┇                                 __main__ ┇ (Ep 1.2) checking:  67%|█████████████▎      | 261/391 [00:07<00:03, 39.25x64b/s]
[03.06 19:09:31] ┇ INFO     ┇                                 __main__ ┇ (Ep 1.2) checking: 100%|████████████████████| 391/391 [00:10<00:00, 38.94x64b/s] | st=1407, ep=1.2, val_loss=0.2433, val_acc=0.9033
[03.06 19:09:37] ┇ INFO     ┇                                 __main__ ┇ --- [after-check] -----------------------------------------------------------------------------------------------------------------------
[03.06 19:09:42] ┇ INFO     ┇                                 __main__ ┇ (Ep 1.2) training:  23%|███████                       | 274/1172 [01:13<02:07,  7.02x64b/s] | st=1446, ep=1.2, loss=0.0723, acc=0.9844
[03.06 19:09:48] ┇ INFO     ┇                                 __main__ ┇ (Ep 1.3) training:  27%|████████                      | 313/1172 [01:18<02:26,  5.87x64b/s] | st=1485, ep=1.3, loss=0.2205, acc=0.9219
[03.06 19:09:54] ┇ INFO     ┇                                 __main__ ┇ (Ep 1.3) training:  30%|█████████                     | 352/1172 [01:24<02:05,  6.56x64b/s] | st=1524, ep=1.3, loss=0.0953, acc=0.9688
[03.06 19:09:58] ┇ INFO     ┇                                 __main__ ┇ (Ep 1.3) checking:  34%|██████▋             | 131/391 [00:04<00:06, 38.76x64b/s]
[03.06 19:10:01] ┇ INFO     ┇                                 __main__ ┇ (Ep 1.3) checking:  67%|█████████████▎      | 261/391 [00:07<00:03, 38.99x64b/s]
[03.06 19:10:05] ┇ INFO     ┇                                 __main__ ┇ (Ep 1.3) checking: 100%|████████████████████| 391/391 [00:10<00:00, 38.86x64b/s] | st=1524, ep=1.3, val_loss=0.2488, val_acc=0.9074
[03.06 19:10:11] ┇ INFO     ┇                                 __main__ ┇ --- [after-check] -----------------------------------------------------------------------------------------------------------------------
[03.06 19:10:17] ┇ INFO     ┇                                 __main__ ┇ (Ep 1.3) training:  33%|██████████                    | 391/1172 [01:47<01:53,  6.89x64b/s] | st=1563, ep=1.3, loss=0.1136, acc=0.9531
[03.06 19:10:22] ┇ INFO     ┇                                 __main__ ┇ (Ep 1.4) training:  37%|███████████                   | 430/1172 [01:53<01:48,  6.85x64b/s] | st=1602, ep=1.4, loss=0.2447, acc=0.8594
[03.06 19:10:28] ┇ INFO     ┇                                 __main__ ┇ (Ep 1.4) training:  40%|████████████                  | 469/1172 [01:58<01:42,  6.87x64b/s] | st=1641, ep=1.4, loss=0.1853, acc=0.9062
[03.06 19:10:32] ┇ INFO     ┇                                 __main__ ┇ (Ep 1.4) checking:  34%|██████▋             | 131/391 [00:04<00:06, 39.13x64b/s]
[03.06 19:10:36] ┇ INFO     ┇                                 __main__ ┇ (Ep 1.4) checking:  67%|█████████████▎      | 261/391 [00:07<00:03, 38.65x64b/s]
[03.06 19:10:39] ┇ INFO     ┇                                 __main__ ┇ (Ep 1.4) checking: 100%|████████████████████| 391/391 [00:11<00:00, 37.00x64b/s] | st=1641, ep=1.4, val_loss=0.2622, val_acc=0.9026
[03.06 19:10:45] ┇ INFO     ┇                                 __main__ ┇ --- [after-check] -----------------------------------------------------------------------------------------------------------------------
[03.06 19:10:51] ┇ INFO     ┇                                 __main__ ┇ (Ep 1.4) training:  43%|█████████████                 | 508/1172 [02:22<01:49,  6.09x64b/s] | st=1680, ep=1.4, loss=0.1971, acc=0.8906
[03.06 19:10:57] ┇ INFO     ┇                                 __main__ ┇ (Ep 1.5) training:  47%|██████████████                | 547/1172 [02:27<01:35,  6.58x64b/s] | st=1719, ep=1.5, loss=0.1871, acc=0.8906
[03.06 19:11:03] ┇ INFO     ┇                                 __main__ ┇ (Ep 1.5) training:  50%|███████████████               | 586/1172 [02:33<01:23,  7.04x64b/s] | st=1758, ep=1.5, loss=0.0849, acc=0.9688
[03.06 19:11:07] ┇ INFO     ┇                                 __main__ ┇ (Ep 1.5) checking:  34%|██████▋             | 131/391 [00:04<00:06, 38.89x64b/s]
[03.06 19:11:10] ┇ INFO     ┇                                 __main__ ┇ (Ep 1.5) checking:  67%|█████████████▎      | 261/391 [00:07<00:03, 38.90x64b/s]
[03.06 19:11:14] ┇ INFO     ┇                                 __main__ ┇ (Ep 1.5) checking: 100%|████████████████████| 391/391 [00:10<00:00, 39.36x64b/s] | st=1758, ep=1.5, val_loss=0.2543, val_acc=0.9079
[03.06 19:11:21] ┇ INFO     ┇                                 __main__ ┇ --- [after-check] -----------------------------------------------------------------------------------------------------------------------
[03.06 19:11:26] ┇ INFO     ┇                                 __main__ ┇ (Ep 1.5) training:  53%|████████████████              | 626/1172 [02:57<01:27,  6.27x64b/s] | st=1798, ep=1.5, loss=0.1478, acc=0.9219
[03.06 19:11:32] ┇ INFO     ┇                                 __main__ ┇ (Ep 1.6) training:  57%|█████████████████             | 665/1172 [03:03<01:14,  6.81x64b/s] | st=1837, ep=1.6, loss=0.2684, acc=0.8906
[03.06 19:11:38] ┇ INFO     ┇                                 __main__ ┇ (Ep 1.6) training:  60%|██████████████████            | 704/1172 [03:08<01:08,  6.83x64b/s] | st=1876, ep=1.6, loss=0.1617, acc=0.9531
[03.06 19:11:42] ┇ INFO     ┇                                 __main__ ┇ (Ep 1.6) checking:  34%|██████▋             | 131/391 [00:04<00:06, 38.98x64b/s]
[03.06 19:11:45] ┇ INFO     ┇                                 __main__ ┇ (Ep 1.6) checking:  67%|█████████████▎      | 261/391 [00:07<00:03, 38.64x64b/s]
[03.06 19:11:49] ┇ INFO     ┇                                 __main__ ┇ (Ep 1.6) checking: 100%|████████████████████| 391/391 [00:10<00:00, 38.91x64b/s] | st=1876, ep=1.6, val_loss=0.2437, val_acc=0.9057
[03.06 19:11:55] ┇ INFO     ┇                                 __main__ ┇ --- [after-check] -----------------------------------------------------------------------------------------------------------------------
[03.06 19:12:01] ┇ INFO     ┇                                 __main__ ┇ (Ep 1.6) training:  63%|███████████████████           | 743/1172 [03:31<01:02,  6.81x64b/s] | st=1915, ep=1.6, loss=0.2470, acc=0.9062
[03.06 19:12:07] ┇ INFO     ┇                                 __main__ ┇ (Ep 1.7) training:  67%|████████████████████          | 782/1172 [03:37<00:58,  6.68x64b/s] | st=1954, ep=1.7, loss=0.1285, acc=0.9688
[03.06 19:12:13] ┇ INFO     ┇                                 __main__ ┇ (Ep 1.7) training:  70%|█████████████████████         | 821/1172 [03:43<00:50,  6.99x64b/s] | st=1993, ep=1.7, loss=0.1760, acc=0.9219
[03.06 19:12:17] ┇ INFO     ┇                                 __main__ ┇ (Ep 1.7) checking:  34%|██████▋             | 131/391 [00:04<00:06, 39.01x64b/s]
[03.06 19:12:20] ┇ INFO     ┇                                 __main__ ┇ (Ep 1.7) checking:  67%|█████████████▎      | 261/391 [00:07<00:03, 38.42x64b/s]
[03.06 19:12:24] ┇ INFO     ┇                                 __main__ ┇ (Ep 1.7) checking: 100%|████████████████████| 391/391 [00:10<00:00, 38.78x64b/s] | st=1993, ep=1.7, val_loss=0.2367, val_acc=0.9080
[03.06 19:12:30] ┇ INFO     ┇                                 __main__ ┇ --- [after-check] -----------------------------------------------------------------------------------------------------------------------
[03.06 19:12:36] ┇ INFO     ┇                                 __main__ ┇ (Ep 1.7) training:  73%|██████████████████████        | 860/1172 [04:07<00:47,  6.56x64b/s] | st=2032, ep=1.7, loss=0.2014, acc=0.9062
[03.06 19:12:42] ┇ INFO     ┇                                 __main__ ┇ (Ep 1.8) training:  77%|███████████████████████       | 899/1172 [04:12<00:39,  6.95x64b/s] | st=2071, ep=1.8, loss=0.1924, acc=0.9531
[03.06 19:12:48] ┇ INFO     ┇                                 __main__ ┇ (Ep 1.8) training:  80%|████████████████████████      | 938/1172 [04:18<00:33,  6.89x64b/s] | st=2110, ep=1.8, loss=0.2249, acc=0.9062
[03.06 19:12:52] ┇ INFO     ┇                                 __main__ ┇ (Ep 1.8) checking:  34%|██████▋             | 131/391 [00:04<00:06, 38.21x64b/s]
[03.06 19:12:56] ┇ INFO     ┇                                 __main__ ┇ (Ep 1.8) checking:  67%|█████████████▎      | 261/391 [00:07<00:03, 38.82x64b/s]
[03.06 19:12:59] ┇ INFO     ┇                                 __main__ ┇ (Ep 1.8) checking: 100%|████████████████████| 391/391 [00:10<00:00, 39.09x64b/s] | st=2110, ep=1.8, val_loss=0.2340, val_acc=0.9076
[03.06 19:13:06] ┇ INFO     ┇                                 __main__ ┇ --- [after-check] -----------------------------------------------------------------------------------------------------------------------
[03.06 19:13:11] ┇ INFO     ┇                                 __main__ ┇ (Ep 1.8) training:  83%|█████████████████████████     | 977/1172 [04:42<00:27,  7.01x64b/s] | st=2149, ep=1.8, loss=0.2531, acc=0.9062
[03.06 19:13:17] ┇ INFO     ┇                                 __main__ ┇ (Ep 1.9) training:  87%|██████████████████████████    | 1016/1172 [04:48<00:22,  6.90x64b/s] | st=2188, ep=1.9, loss=0.1306, acc=0.9375
[03.06 19:13:23] ┇ INFO     ┇                                 __main__ ┇ (Ep 1.9) training:  90%|███████████████████████████   | 1055/1172 [04:53<00:16,  6.91x64b/s] | st=2227, ep=1.9, loss=0.2266, acc=0.9062
[03.06 19:13:27] ┇ INFO     ┇                                 __main__ ┇ (Ep 1.9) checking:  34%|██████▋             | 131/391 [00:04<00:06, 38.63x64b/s]
[03.06 19:13:31] ┇ INFO     ┇                                 __main__ ┇ (Ep 1.9) checking:  67%|█████████████▎      | 261/391 [00:07<00:03, 38.87x64b/s]
[03.06 19:13:34] ┇ INFO     ┇                                 __main__ ┇ (Ep 1.9) checking: 100%|████████████████████| 391/391 [00:11<00:00, 38.66x64b/s] | st=2227, ep=1.9, val_loss=0.2285, val_acc=0.9093
[03.06 19:13:40] ┇ INFO     ┇                                 __main__ ┇ --- [after-check] -----------------------------------------------------------------------------------------------------------------------
[03.06 19:13:46] ┇ INFO     ┇                                 __main__ ┇ (Ep 1.9) training:  93%|████████████████████████████  | 1094/1172 [05:16<00:12,  6.19x64b/s] | st=2266, ep=1.9, loss=0.1525, acc=0.9375
[03.06 19:13:52] ┇ INFO     ┇                                 __main__ ┇ (Ep 2.0) training:  97%|█████████████████████████████ | 1133/1172 [05:22<00:05,  6.73x64b/s] | st=2305, ep=2.0, loss=0.1376, acc=0.9688
[03.06 19:13:58] ┇ INFO     ┇                                 __main__ ┇ (Ep 2.0) training: 100%|██████████████████████████████| 1172/1172 [05:28<00:00,  6.88x64b/s] | st=2344, ep=2.0, loss=0.2137, acc=0.9286
[03.06 19:14:02] ┇ INFO     ┇                                 __main__ ┇ (Ep 2.0) checking:  34%|██████▋             | 131/391 [00:04<00:06, 38.50x64b/s]
[03.06 19:14:05] ┇ INFO     ┇                                 __main__ ┇ (Ep 2.0) checking:  67%|█████████████▎      | 261/391 [00:07<00:03, 38.40x64b/s]
[03.06 19:14:09] ┇ INFO     ┇                                 __main__ ┇ (Ep 2.0) checking: 100%|████████████████████| 391/391 [00:11<00:00, 38.32x64b/s] | st=2344, ep=2.0, val_loss=0.2480, val_acc=0.9020
[03.06 19:14:15] ┇ INFO     ┇                                 __main__ ┇ --- [after-check] -----------------------------------------------------------------------------------------------------------------------
[03.06 19:14:15] ┇ INFO     ┇                                 __main__ ┇ === [after-epoch] =======================================================================================================================
[03.06 19:14:23] ┇ INFO     ┇                                 __main__ ┇ (Ep 2.0) training:   3%|█                             | 40/1172 [00:07<04:12,  4.49x64b/s] | st=2384, ep=2.0, loss=0.0894, acc=0.9688
[03.06 19:14:29] ┇ INFO     ┇                                 __main__ ┇ (Ep 2.1) training:   7%|██                            | 79/1172 [00:13<03:15,  5.58x64b/s] | st=2423, ep=2.1, loss=0.2259, acc=0.9219
[03.06 19:14:35] ┇ INFO     ┇                                 __main__ ┇ (Ep 2.1) training:  10%|███                           | 118/1172 [00:19<02:27,  7.14x64b/s] | st=2462, ep=2.1, loss=0.1255, acc=0.9531
[03.06 19:14:39] ┇ INFO     ┇                                 __main__ ┇ (Ep 2.1) checking:  34%|██████▋             | 131/391 [00:04<00:06, 39.24x64b/s]
[03.06 19:14:43] ┇ INFO     ┇                                 __main__ ┇ (Ep 2.1) checking:  67%|█████████████▎      | 261/391 [00:07<00:03, 38.65x64b/s]
[03.06 19:14:46] ┇ INFO     ┇                                 __main__ ┇ (Ep 2.1) checking: 100%|████████████████████| 391/391 [00:10<00:00, 38.98x64b/s] | st=2462, ep=2.1, val_loss=0.2689, val_acc=0.9088
[03.06 19:14:52] ┇ INFO     ┇                                 __main__ ┇ --- [after-check] -----------------------------------------------------------------------------------------------------------------------
[03.06 19:14:58] ┇ INFO     ┇                                 __main__ ┇ (Ep 2.1) training:  13%|████                          | 157/1172 [00:42<02:34,  6.59x64b/s] | st=2501, ep=2.1, loss=0.1710, acc=0.9375
[03.06 19:15:04] ┇ INFO     ┇                                 __main__ ┇ (Ep 2.2) training:  17%|█████                         | 196/1172 [00:48<02:20,  6.93x64b/s] | st=2540, ep=2.2, loss=0.1958, acc=0.9219
[03.06 19:15:09] ┇ INFO     ┇                                 __main__ ┇ (Ep 2.2) training:  20%|██████                        | 235/1172 [00:53<02:14,  6.96x64b/s] | st=2579, ep=2.2, loss=0.1103, acc=0.9531
[03.06 19:15:14] ┇ INFO     ┇                                 __main__ ┇ (Ep 2.2) checking:  34%|██████▋             | 131/391 [00:04<00:06, 39.03x64b/s]
[03.06 19:15:17] ┇ INFO     ┇                                 __main__ ┇ (Ep 2.2) checking:  67%|█████████████▎      | 261/391 [00:07<00:03, 38.65x64b/s]
[03.06 19:15:20] ┇ INFO     ┇                                 __main__ ┇ (Ep 2.2) checking: 100%|████████████████████| 391/391 [00:10<00:00, 38.93x64b/s] | st=2579, ep=2.2, val_loss=0.2648, val_acc=0.9078
[03.06 19:15:27] ┇ INFO     ┇                                 __main__ ┇ --- [after-check] -----------------------------------------------------------------------------------------------------------------------
[03.06 19:15:33] ┇ INFO     ┇                                 __main__ ┇ (Ep 2.2) training:  23%|███████                       | 274/1172 [01:17<02:18,  6.47x64b/s] | st=2618, ep=2.2, loss=0.2767, acc=0.9062
[03.06 19:15:39] ┇ INFO     ┇                                 __main__ ┇ (Ep 2.3) training:  27%|████████                      | 313/1172 [01:23<02:04,  6.92x64b/s] | st=2657, ep=2.3, loss=0.1343, acc=0.9375
[03.06 19:15:44] ┇ INFO     ┇                                 __main__ ┇ (Ep 2.3) training:  30%|█████████                     | 352/1172 [01:28<02:08,  6.39x64b/s] | st=2696, ep=2.3, loss=0.0481, acc=0.9844
[03.06 19:15:49] ┇ INFO     ┇                                 __main__ ┇ (Ep 2.3) checking:  34%|██████▋             | 131/391 [00:04<00:06, 38.87x64b/s]
[03.06 19:15:52] ┇ INFO     ┇                                 __main__ ┇ (Ep 2.3) checking:  67%|█████████████▎      | 261/391 [00:07<00:03, 38.76x64b/s]
[03.06 19:15:55] ┇ INFO     ┇                                 __main__ ┇ (Ep 2.3) checking: 100%|████████████████████| 391/391 [00:11<00:00, 38.75x64b/s] | st=2696, ep=2.3, val_loss=0.2709, val_acc=0.9043
[03.06 19:16:02] ┇ INFO     ┇                                 __main__ ┇ --- [after-check] -----------------------------------------------------------------------------------------------------------------------
[03.06 19:16:07] ┇ INFO     ┇                                 __main__ ┇ (Ep 2.3) training:  33%|██████████                    | 391/1172 [01:52<01:58,  6.57x64b/s] | st=2735, ep=2.3, loss=0.1164, acc=0.9844
[03.06 19:16:13] ┇ INFO     ┇                                 __main__ ┇ (Ep 2.4) training:  37%|███████████                   | 430/1172 [01:57<01:46,  6.96x64b/s] | st=2774, ep=2.4, loss=0.2376, acc=0.9219
[03.06 19:16:19] ┇ INFO     ┇                                 __main__ ┇ (Ep 2.4) training:  40%|████████████                  | 469/1172 [02:03<01:45,  6.66x64b/s] | st=2813, ep=2.4, loss=0.1266, acc=0.9375
[03.06 19:16:23] ┇ INFO     ┇                                 __main__ ┇ (Ep 2.4) checking:  34%|██████▋             | 131/391 [00:04<00:06, 38.24x64b/s]
[03.06 19:16:27] ┇ INFO     ┇                                 __main__ ┇ (Ep 2.4) checking:  67%|█████████████▎      | 261/391 [00:07<00:03, 38.30x64b/s]
[03.06 19:16:30] ┇ INFO     ┇                                 __main__ ┇ (Ep 2.4) checking: 100%|████████████████████| 391/391 [00:11<00:00, 38.70x64b/s] | st=2813, ep=2.4, val_loss=0.2686, val_acc=0.9052
[03.06 19:16:37] ┇ INFO     ┇                                 __main__ ┇ --- [after-check] -----------------------------------------------------------------------------------------------------------------------
[03.06 19:16:43] ┇ INFO     ┇                                 __main__ ┇ (Ep 2.4) training:  43%|█████████████                 | 508/1172 [02:27<01:34,  7.02x64b/s] | st=2852, ep=2.4, loss=0.1386, acc=0.9688
[03.06 19:16:48] ┇ INFO     ┇                                 __main__ ┇ (Ep 2.5) training:  47%|██████████████                | 547/1172 [02:33<01:39,  6.31x64b/s] | st=2891, ep=2.5, loss=0.1208, acc=0.9531
[03.06 19:16:54] ┇ INFO     ┇                                 __main__ ┇ (Ep 2.5) training:  50%|███████████████               | 586/1172 [02:38<01:23,  7.00x64b/s] | st=2930, ep=2.5, loss=0.0412, acc=0.9844
[03.06 19:16:59] ┇ INFO     ┇                                 __main__ ┇ (Ep 2.5) checking:  34%|██████▋             | 131/391 [00:04<00:06, 39.04x64b/s]
[03.06 19:17:02] ┇ INFO     ┇                                 __main__ ┇ (Ep 2.5) checking:  67%|█████████████▎      | 261/391 [00:07<00:03, 38.77x64b/s]
[03.06 19:17:05] ┇ INFO     ┇                                 __main__ ┇ (Ep 2.5) checking: 100%|████████████████████| 391/391 [00:10<00:00, 38.70x64b/s] | st=2930, ep=2.5, val_loss=0.2751, val_acc=0.9071
[03.06 19:17:12] ┇ INFO     ┇                                 __main__ ┇ --- [after-check] -----------------------------------------------------------------------------------------------------------------------
[03.06 19:17:17] ┇ INFO     ┇                                 __main__ ┇ (Ep 2.5) training:  53%|████████████████              | 626/1172 [03:01<01:14,  7.30x64b/s] | st=2970, ep=2.5, loss=0.1454, acc=0.9375
[03.06 19:17:23] ┇ INFO     ┇                                 __main__ ┇ (Ep 2.6) training:  57%|█████████████████             | 665/1172 [03:07<01:11,  7.05x64b/s] | st=3009, ep=2.6, loss=0.1397, acc=0.9219
[03.06 19:17:29] ┇ INFO     ┇                                 __main__ ┇ (Ep 2.6) training:  60%|██████████████████            | 704/1172 [03:13<01:06,  7.04x64b/s] | st=3048, ep=2.6, loss=0.2209, acc=0.9375
[03.06 19:17:33] ┇ INFO     ┇                                 __main__ ┇ (Ep 2.6) checking:  34%|██████▋             | 131/391 [00:04<00:06, 38.87x64b/s]
[03.06 19:17:37] ┇ INFO     ┇                                 __main__ ┇ (Ep 2.6) checking:  67%|█████████████▎      | 261/391 [00:07<00:03, 38.42x64b/s]
[03.06 19:17:40] ┇ INFO     ┇                                 __main__ ┇ (Ep 2.6) checking: 100%|████████████████████| 391/391 [00:11<00:00, 38.38x64b/s] | st=3048, ep=2.6, val_loss=0.2852, val_acc=0.9072
[03.06 19:17:47] ┇ INFO     ┇                                 __main__ ┇ --- [after-check] -----------------------------------------------------------------------------------------------------------------------
[03.06 19:17:53] ┇ INFO     ┇                                 __main__ ┇ (Ep 2.6) training:  63%|███████████████████           | 743/1172 [03:37<01:02,  6.82x64b/s] | st=3087, ep=2.6, loss=0.1787, acc=0.9375
[03.06 19:17:58] ┇ INFO     ┇                                 __main__ ┇ (Ep 2.7) training:  67%|████████████████████          | 782/1172 [03:42<00:57,  6.79x64b/s] | st=3126, ep=2.7, loss=0.1114, acc=0.9531
[03.06 19:18:04] ┇ INFO     ┇                                 __main__ ┇ (Ep 2.7) training:  70%|█████████████████████         | 821/1172 [03:48<00:51,  6.79x64b/s] | st=3165, ep=2.7, loss=0.0694, acc=0.9688
[03.06 19:18:08] ┇ INFO     ┇                                 __main__ ┇ (Ep 2.7) checking:  34%|██████▋             | 131/391 [00:04<00:06, 38.96x64b/s]
[03.06 19:18:12] ┇ INFO     ┇                                 __main__ ┇ (Ep 2.7) checking:  67%|█████████████▎      | 261/391 [00:07<00:03, 38.65x64b/s]
[03.06 19:18:15] ┇ INFO     ┇                                 __main__ ┇ (Ep 2.7) checking: 100%|████████████████████| 391/391 [00:10<00:00, 38.64x64b/s] | st=3165, ep=2.7, val_loss=0.2604, val_acc=0.9043
[03.06 19:18:22] ┇ INFO     ┇                                 __main__ ┇ --- [after-check] -----------------------------------------------------------------------------------------------------------------------
[03.06 19:18:28] ┇ INFO     ┇                                 __main__ ┇ (Ep 2.7) training:  73%|██████████████████████        | 860/1172 [04:12<00:46,  6.71x64b/s] | st=3204, ep=2.7, loss=0.1673, acc=0.9219
[03.06 19:18:33] ┇ INFO     ┇                                 __main__ ┇ (Ep 2.8) training:  77%|███████████████████████       | 899/1172 [04:17<00:38,  7.03x64b/s] | st=3243, ep=2.8, loss=0.0623, acc=0.9688
[03.06 19:18:39] ┇ INFO     ┇                                 __main__ ┇ (Ep 2.8) training:  80%|████████████████████████      | 938/1172 [04:23<00:34,  6.75x64b/s] | st=3282, ep=2.8, loss=0.2402, acc=0.9219
[03.06 19:18:44] ┇ INFO     ┇                                 __main__ ┇ (Ep 2.8) checking:  34%|██████▋             | 131/391 [00:04<00:06, 38.67x64b/s]
[03.06 19:18:47] ┇ INFO     ┇                                 __main__ ┇ (Ep 2.8) checking:  67%|█████████████▎      | 261/391 [00:07<00:03, 38.62x64b/s]
[03.06 19:18:50] ┇ INFO     ┇                                 __main__ ┇ (Ep 2.8) checking: 100%|████████████████████| 391/391 [00:11<00:00, 38.53x64b/s] | st=3282, ep=2.8, val_loss=0.2624, val_acc=0.9059
[03.06 19:18:57] ┇ INFO     ┇                                 __main__ ┇ --- [after-check] -----------------------------------------------------------------------------------------------------------------------
[03.06 19:19:03] ┇ INFO     ┇                                 __main__ ┇ (Ep 2.8) training:  83%|█████████████████████████     | 977/1172 [04:47<00:26,  7.25x64b/s] | st=3321, ep=2.8, loss=0.0944, acc=0.9688
[03.06 19:19:09] ┇ INFO     ┇                                 __main__ ┇ (Ep 2.9) training:  87%|██████████████████████████    | 1016/1172 [04:53<00:22,  7.06x64b/s] | st=3360, ep=2.9, loss=0.1728, acc=0.9531
[03.06 19:19:14] ┇ INFO     ┇                                 __main__ ┇ (Ep 2.9) training:  90%|███████████████████████████   | 1055/1172 [04:58<00:16,  7.26x64b/s] | st=3399, ep=2.9, loss=0.1553, acc=0.9688
[03.06 19:19:19] ┇ INFO     ┇                                 __main__ ┇ (Ep 2.9) checking:  34%|██████▋             | 131/391 [00:04<00:06, 38.78x64b/s]
[03.06 19:19:22] ┇ INFO     ┇                                 __main__ ┇ (Ep 2.9) checking:  67%|█████████████▎      | 261/391 [00:07<00:03, 38.68x64b/s]
[03.06 19:19:25] ┇ INFO     ┇                                 __main__ ┇ (Ep 2.9) checking: 100%|████████████████████| 391/391 [00:11<00:00, 38.51x64b/s] | st=3399, ep=2.9, val_loss=0.2686, val_acc=0.9065
[03.06 19:19:33] ┇ INFO     ┇                                 __main__ ┇ --- [after-check] -----------------------------------------------------------------------------------------------------------------------
[03.06 19:19:38] ┇ INFO     ┇                                 __main__ ┇ (Ep 2.9) training:  93%|████████████████████████████  | 1094/1172 [05:22<00:11,  6.64x64b/s] | st=3438, ep=2.9, loss=0.2733, acc=0.9062
[03.06 19:19:44] ┇ INFO     ┇                                 __main__ ┇ (Ep 3.0) training:  97%|█████████████████████████████ | 1133/1172 [05:28<00:05,  6.78x64b/s] | st=3477, ep=3.0, loss=0.2261, acc=0.9219
[03.06 19:19:50] ┇ INFO     ┇                                 __main__ ┇ (Ep 3.0) training: 100%|██████████████████████████████| 1172/1172 [05:34<00:00,  7.18x64b/s] | st=3516, ep=3.0, loss=0.1524, acc=0.9643
[03.06 19:19:54] ┇ INFO     ┇                                 __main__ ┇ (Ep 3.0) checking:  34%|██████▋             | 131/391 [00:04<00:06, 38.91x64b/s]
[03.06 19:19:57] ┇ INFO     ┇                                 __main__ ┇ (Ep 3.0) checking:  67%|█████████████▎      | 261/391 [00:07<00:03, 38.71x64b/s]
[03.06 19:20:01] ┇ INFO     ┇                                 __main__ ┇ (Ep 3.0) checking: 100%|████████████████████| 391/391 [00:11<00:00, 38.79x64b/s] | st=3516, ep=3.0, val_loss=0.2391, val_acc=0.9077
[03.06 19:20:07] ┇ INFO     ┇                                 __main__ ┇ --- [after-check] -----------------------------------------------------------------------------------------------------------------------
[03.06 19:20:07] ┇ INFO     ┇                                 __main__ ┇ === [after-epoch] =======================================================================================================================
[03.06 19:20:12] ┇ INFO     ┇                                 __main__ ┇ (Ep 3.0)  testing:  34%|██████▋             | 131/391 [00:04<00:06, 39.35x64b/s]
[03.06 19:20:15] ┇ INFO     ┇                                 __main__ ┇ (Ep 3.0)  testing:  67%|█████████████▎      | 261/391 [00:07<00:03, 38.93x64b/s]
[03.06 19:20:18] ┇ INFO     ┇                                 __main__ ┇ (Ep 3.0)  testing: 100%|████████████████████| 391/391 [00:10<00:00, 38.91x64b/s] | st=3516, ep=3.0, test_loss=0.2391, test_acc=0.9077
[03.06 19:20:25] ┇ INFO     ┇                                 __main__ ┇ --- [after-test] ------------------------------------------------------------------------------------------------------------------------
[03.06 19:20:25] ┇ INFO     ┇                                 __main__ ┇ === [after-train_loop] ==================================================================================================================
[03.06 19:20:25] ┇ INFO     ┇                           chrisbase.data ┇ =========================================================================================================================================
[03.06 19:20:25] ┇ INFO     ┇                           chrisbase.data ┇ [EXIT] python /home/chris/proj/DeepKNLP-24.01/1-doc-cls-fab.py  ($=00:17:23.454)
[03.06 19:20:25] ┇ INFO     ┇                           chrisbase.data ┇ =========================================================================================================================================

Process finished with exit code 0
